<?xml version="1.0" encoding="UTF-8"?>
<coverage generated="1773479434661" clover="3.2.0">
  <project timestamp="1773479434662" name="All files">
    <metrics statements="127" coveredstatements="117" conditionals="46" coveredconditionals="38" methods="66" coveredmethods="56" elements="239" coveredelements="211" complexity="0" loc="127" ncloc="127" packages="2" files="6" classes="6"/>
    <package name="api">
      <metrics statements="19" coveredstatements="16" conditionals="8" coveredconditionals="8" methods="12" coveredmethods="9"/>
      <file name="client.ts" path="/home/teruyoshi/workspace/action-tag-expense-tracker/frontend/src/api/client.ts">
        <metrics statements="19" coveredstatements="16" conditionals="8" coveredconditionals="8" methods="12" coveredmethods="9"/>
        <line num="1" count="1" type="stmt"/>
        <line num="4" count="11" type="stmt"/>
        <line num="8" count="11" type="cond" truecount="2" falsecount="0"/>
        <line num="9" count="2" type="stmt"/>
        <line num="10" count="2" type="cond" truecount="2" falsecount="0"/>
        <line num="12" count="9" type="cond" truecount="2" falsecount="0"/>
        <line num="13" count="8" type="stmt"/>
        <line num="52" count="1" type="stmt"/>
        <line num="53" count="2" type="stmt"/>
        <line num="54" count="2" type="stmt"/>
        <line num="55" count="1" type="stmt"/>
        <line num="56" count="1" type="stmt"/>
        <line num="59" count="1" type="stmt"/>
        <line num="62" count="2" type="cond" truecount="2" falsecount="0"/>
        <line num="65" count="1" type="stmt"/>
        <line num="68" count="1" type="stmt"/>
        <line num="71" count="0" type="stmt"/>
        <line num="73" count="0" type="stmt"/>
        <line num="75" count="0" type="stmt"/>
      </file>
    </package>
    <package name="pages">
      <metrics statements="108" coveredstatements="101" conditionals="38" coveredconditionals="30" methods="54" coveredmethods="47"/>
      <file name="ExpenseInput.tsx" path="/home/teruyoshi/workspace/action-tag-expense-tracker/frontend/src/pages/ExpenseInput.tsx">
        <metrics statements="28" coveredstatements="24" conditionals="8" coveredconditionals="6" methods="12" coveredmethods="8"/>
        <line num="17" count="30" type="stmt"/>
        <line num="18" count="30" type="stmt"/>
        <line num="19" count="30" type="stmt"/>
        <line num="20" count="30" type="stmt"/>
        <line num="22" count="30" type="stmt"/>
        <line num="23" count="18" type="stmt"/>
        <line num="24" count="18" type="stmt"/>
        <line num="25" count="18" type="stmt"/>
        <line num="28" count="30" type="stmt"/>
        <line num="30" count="30" type="stmt"/>
        <line num="31" count="0" type="cond" truecount="0" falsecount="2"/>
        <line num="34" count="30" type="stmt"/>
        <line num="35" count="4" type="stmt"/>
        <line num="36" count="3" type="cond" truecount="2" falsecount="0"/>
        <line num="38" count="2" type="stmt"/>
        <line num="39" count="2" type="stmt"/>
        <line num="40" count="2" type="stmt"/>
        <line num="41" count="2" type="stmt"/>
        <line num="42" count="3" type="stmt"/>
        <line num="44" count="2" type="stmt"/>
        <line num="46" count="0" type="stmt"/>
        <line num="48" count="2" type="stmt"/>
        <line num="52" count="30" type="stmt"/>
        <line num="60" count="0" type="stmt"/>
        <line num="71" count="40" type="stmt"/>
        <line num="76" count="9" type="stmt"/>
        <line num="82" count="9" type="stmt"/>
        <line num="85" count="0" type="stmt"/>
      </file>
      <file name="Home.tsx" path="/home/teruyoshi/workspace/action-tag-expense-tracker/frontend/src/pages/Home.tsx">
        <metrics statements="39" coveredstatements="36" conditionals="10" coveredconditionals="7" methods="19" coveredmethods="16"/>
        <line num="11" count="28" type="stmt"/>
        <line num="12" count="28" type="stmt"/>
        <line num="13" count="28" type="stmt"/>
        <line num="14" count="28" type="stmt"/>
        <line num="15" count="28" type="stmt"/>
        <line num="16" count="28" type="stmt"/>
        <line num="17" count="28" type="stmt"/>
        <line num="18" count="28" type="stmt"/>
        <line num="20" count="28" type="stmt"/>
        <line num="21" count="10" type="stmt"/>
        <line num="22" count="10" type="stmt"/>
        <line num="25" count="28" type="stmt"/>
        <line num="26" count="9" type="stmt"/>
        <line num="29" count="28" type="stmt"/>
        <line num="30" count="1" type="stmt"/>
        <line num="31" count="1" type="stmt"/>
        <line num="32" count="1" type="cond" truecount="1" falsecount="1"/>
        <line num="33" count="1" type="cond" truecount="1" falsecount="1"/>
        <line num="34" count="1" type="stmt"/>
        <line num="35" count="1" type="stmt"/>
        <line num="38" count="28" type="stmt"/>
        <line num="39" count="1" type="stmt"/>
        <line num="40" count="1" type="cond" truecount="1" falsecount="1"/>
        <line num="41" count="1" type="stmt"/>
        <line num="42" count="1" type="stmt"/>
        <line num="43" count="1" type="stmt"/>
        <line num="44" count="1" type="stmt"/>
        <line num="48" count="28" type="stmt"/>
        <line num="56" count="1" type="stmt"/>
        <line num="57" count="1" type="stmt"/>
        <line num="64" count="1" type="stmt"/>
        <line num="66" count="0" type="stmt"/>
        <line num="81" count="36" type="stmt"/>
        <line num="91" count="1" type="stmt"/>
        <line num="94" count="1" type="stmt"/>
        <line num="100" count="0" type="stmt"/>
        <line num="101" count="2" type="stmt"/>
        <line num="106" count="6" type="stmt"/>
        <line num="114" count="0" type="stmt"/>
      </file>
      <file name="TagDetails.tsx" path="/home/teruyoshi/workspace/action-tag-expense-tracker/frontend/src/pages/TagDetails.tsx">
        <metrics statements="6" coveredstatements="6" conditionals="4" coveredconditionals="4" methods="4" coveredmethods="4"/>
        <line num="14" count="10" type="stmt"/>
        <line num="16" count="10" type="stmt"/>
        <line num="17" count="6" type="stmt"/>
        <line num="20" count="10" type="stmt"/>
        <line num="22" count="10" type="stmt"/>
        <line num="48" count="6" type="stmt"/>
      </file>
      <file name="TagManage.tsx" path="/home/teruyoshi/workspace/action-tag-expense-tracker/frontend/src/pages/TagManage.tsx">
        <metrics statements="30" coveredstatements="30" conditionals="14" coveredconditionals="11" methods="15" coveredmethods="15"/>
        <line num="10" count="32" type="stmt"/>
        <line num="11" count="32" type="stmt"/>
        <line num="12" count="32" type="stmt"/>
        <line num="13" count="32" type="stmt"/>
        <line num="15" count="32" type="stmt"/>
        <line num="17" count="32" type="stmt"/>
        <line num="19" count="32" type="stmt"/>
        <line num="20" count="2" type="cond" truecount="2" falsecount="0"/>
        <line num="21" count="1" type="stmt"/>
        <line num="22" count="1" type="stmt"/>
        <line num="23" count="1" type="stmt"/>
        <line num="26" count="32" type="stmt"/>
        <line num="27" count="1" type="cond" truecount="1" falsecount="1"/>
        <line num="28" count="1" type="stmt"/>
        <line num="29" count="1" type="stmt"/>
        <line num="30" count="1" type="stmt"/>
        <line num="33" count="32" type="stmt"/>
        <line num="34" count="2" type="cond" truecount="2" falsecount="0"/>
        <line num="35" count="1" type="stmt"/>
        <line num="36" count="1" type="stmt"/>
        <line num="39" count="32" type="stmt"/>
        <line num="51" count="3" type="stmt"/>
        <line num="52" count="3" type="cond" truecount="1" falsecount="1"/>
        <line num="65" count="44" type="stmt"/>
        <line num="71" count="5" type="stmt"/>
        <line num="72" count="4" type="cond" truecount="1" falsecount="1"/>
        <line num="74" count="1" type="stmt"/>
        <line num="75" count="1" type="stmt"/>
        <line num="80" count="2" type="stmt"/>
        <line num="81" count="2" type="stmt"/>
      </file>
      <file name="TagSelect.tsx" path="/home/teruyoshi/workspace/action-tag-expense-tracker/frontend/src/pages/TagSelect.tsx">
        <metrics statements="5" coveredstatements="5" conditionals="2" coveredconditionals="2" methods="4" coveredmethods="4"/>
        <line num="11" count="8" type="stmt"/>
        <line num="13" count="8" type="stmt"/>
        <line num="14" count="4" type="stmt"/>
        <line num="17" count="8" type="stmt"/>
        <line num="26" count="6" type="stmt"/>
      </file>
    </package>
  </project>
</coverage>
