<?xml version="1.0" encoding="UTF-8"?>
<coverage generated="1773532065160" clover="3.2.0">
  <project timestamp="1773532065160" name="All files">
    <metrics statements="155" coveredstatements="145" conditionals="55" coveredconditionals="44" methods="75" coveredmethods="67" elements="285" coveredelements="256" complexity="0" loc="155" ncloc="155" packages="3" files="9" classes="9"/>
    <package name="api">
      <metrics statements="19" coveredstatements="16" conditionals="8" coveredconditionals="8" methods="12" coveredmethods="9"/>
      <file name="client.ts" path="/home/teruyoshi/workspace/action-tag-expense-tracker/frontend/src/api/client.ts">
        <metrics statements="19" coveredstatements="16" conditionals="8" coveredconditionals="8" methods="12" coveredmethods="9"/>
        <line num="1" count="1" type="stmt"/>
        <line num="4" count="11" type="stmt"/>
        <line num="8" count="11" type="cond" truecount="2" falsecount="0"/>
        <line num="9" count="2" type="stmt"/>
        <line num="10" count="2" type="cond" truecount="2" falsecount="0"/>
        <line num="12" count="9" type="cond" truecount="2" falsecount="0"/>
        <line num="13" count="8" type="stmt"/>
        <line num="52" count="1" type="stmt"/>
        <line num="53" count="2" type="stmt"/>
        <line num="54" count="2" type="stmt"/>
        <line num="55" count="1" type="stmt"/>
        <line num="56" count="1" type="stmt"/>
        <line num="59" count="1" type="stmt"/>
        <line num="62" count="2" type="cond" truecount="2" falsecount="0"/>
        <line num="65" count="1" type="stmt"/>
        <line num="68" count="1" type="stmt"/>
        <line num="71" count="0" type="stmt"/>
        <line num="73" count="0" type="stmt"/>
        <line num="75" count="0" type="stmt"/>
      </file>
    </package>
    <package name="components">
      <metrics statements="22" coveredstatements="21" conditionals="6" coveredconditionals="5" methods="14" coveredmethods="13"/>
      <file name="BalanceCard.tsx" path="/home/teruyoshi/workspace/action-tag-expense-tracker/frontend/src/components/BalanceCard.tsx">
        <metrics statements="17" coveredstatements="16" conditionals="4" coveredconditionals="3" methods="8" coveredmethods="7"/>
        <line num="10" count="42" type="stmt"/>
        <line num="11" count="42" type="stmt"/>
        <line num="13" count="42" type="stmt"/>
        <line num="14" count="4" type="stmt"/>
        <line num="15" count="4" type="stmt"/>
        <line num="18" count="42" type="stmt"/>
        <line num="19" count="2" type="stmt"/>
        <line num="20" count="2" type="cond" truecount="1" falsecount="1"/>
        <line num="21" count="2" type="stmt"/>
        <line num="22" count="2" type="stmt"/>
        <line num="23" count="2" type="stmt"/>
        <line num="24" count="2" type="stmt"/>
        <line num="28" count="42" type="stmt"/>
        <line num="39" count="0" type="stmt"/>
        <line num="40" count="5" type="stmt"/>
        <line num="45" count="12" type="stmt"/>
        <line num="53" count="1" type="stmt"/>
      </file>
      <file name="MonthNav.tsx" path="/home/teruyoshi/workspace/action-tag-expense-tracker/frontend/src/components/MonthNav.tsx">
        <metrics statements="3" coveredstatements="3" conditionals="0" coveredconditionals="0" methods="3" coveredmethods="3"/>
        <line num="8" count="23" type="stmt"/>
        <line num="10" count="2" type="stmt"/>
        <line num="12" count="1" type="stmt"/>
      </file>
      <file name="TagSummaryCard.tsx" path="/home/teruyoshi/workspace/action-tag-expense-tracker/frontend/src/components/TagSummaryCard.tsx">
        <metrics statements="2" coveredstatements="2" conditionals="2" coveredconditionals="2" methods="3" coveredmethods="3"/>
        <line num="11" count="23" type="stmt"/>
        <line num="19" count="24" type="stmt"/>
      </file>
    </package>
    <package name="pages">
      <metrics statements="114" coveredstatements="108" conditionals="41" coveredconditionals="31" methods="49" coveredmethods="45"/>
      <file name="ExpenseInput.tsx" path="/home/teruyoshi/workspace/action-tag-expense-tracker/frontend/src/pages/ExpenseInput.tsx">
        <metrics statements="35" coveredstatements="29" conditionals="10" coveredconditionals="7" methods="13" coveredmethods="9"/>
        <line num="12" count="30" type="stmt"/>
        <line num="13" count="30" type="stmt"/>
        <line num="14" count="30" type="stmt"/>
        <line num="16" count="30" type="stmt"/>
        <line num="17" count="30" type="stmt"/>
        <line num="18" count="30" type="stmt"/>
        <line num="19" count="30" type="stmt"/>
        <line num="21" count="30" type="cond" truecount="1" falsecount="1"/>
        <line num="22" count="0" type="stmt"/>
        <line num="23" count="0" type="stmt"/>
        <line num="26" count="30" type="stmt"/>
        <line num="27" count="18" type="stmt"/>
        <line num="28" count="18" type="stmt"/>
        <line num="29" count="18" type="stmt"/>
        <line num="32" count="30" type="stmt"/>
        <line num="34" count="30" type="stmt"/>
        <line num="35" count="0" type="cond" truecount="0" falsecount="2"/>
        <line num="38" count="30" type="stmt"/>
        <line num="39" count="4" type="stmt"/>
        <line num="40" count="3" type="cond" truecount="2" falsecount="0"/>
        <line num="42" count="2" type="stmt"/>
        <line num="43" count="2" type="stmt"/>
        <line num="44" count="2" type="stmt"/>
        <line num="45" count="2" type="stmt"/>
        <line num="46" count="3" type="stmt"/>
        <line num="48" count="2" type="stmt"/>
        <line num="50" count="0" type="stmt"/>
        <line num="52" count="2" type="stmt"/>
        <line num="56" count="30" type="stmt"/>
        <line num="58" count="1" type="stmt"/>
        <line num="64" count="0" type="stmt"/>
        <line num="75" count="40" type="stmt"/>
        <line num="80" count="9" type="stmt"/>
        <line num="86" count="9" type="stmt"/>
        <line num="89" count="0" type="stmt"/>
      </file>
      <file name="Home.tsx" path="/home/teruyoshi/workspace/action-tag-expense-tracker/frontend/src/pages/Home.tsx">
        <metrics statements="24" coveredstatements="24" conditionals="4" coveredconditionals="2" methods="9" coveredmethods="9"/>
        <line num="10" count="21" type="stmt"/>
        <line num="11" count="21" type="stmt"/>
        <line num="12" count="21" type="stmt"/>
        <line num="13" count="21" type="stmt"/>
        <line num="14" count="21" type="stmt"/>
        <line num="15" count="21" type="stmt"/>
        <line num="16" count="21" type="stmt"/>
        <line num="18" count="21" type="stmt"/>
        <line num="19" count="10" type="stmt"/>
        <line num="20" count="10" type="stmt"/>
        <line num="23" count="21" type="stmt"/>
        <line num="24" count="9" type="stmt"/>
        <line num="27" count="21" type="stmt"/>
        <line num="28" count="1" type="stmt"/>
        <line num="29" count="1" type="stmt"/>
        <line num="30" count="1" type="cond" truecount="1" falsecount="1"/>
        <line num="31" count="1" type="cond" truecount="1" falsecount="1"/>
        <line num="32" count="1" type="stmt"/>
        <line num="33" count="1" type="stmt"/>
        <line num="36" count="21" type="stmt"/>
        <line num="37" count="1" type="stmt"/>
        <line num="40" count="21" type="stmt"/>
        <line num="56" count="1" type="stmt"/>
        <line num="59" count="1" type="stmt"/>
      </file>
      <file name="TagDetails.tsx" path="/home/teruyoshi/workspace/action-tag-expense-tracker/frontend/src/pages/TagDetails.tsx">
        <metrics statements="14" coveredstatements="14" conditionals="11" coveredconditionals="9" methods="5" coveredmethods="5"/>
        <line num="7" count="10" type="stmt"/>
        <line num="8" count="10" type="stmt"/>
        <line num="9" count="10" type="stmt"/>
        <line num="10" count="10" type="cond" truecount="1" falsecount="1"/>
        <line num="11" count="10" type="stmt"/>
        <line num="12" count="10" type="stmt"/>
        <line num="14" count="10" type="stmt"/>
        <line num="16" count="10" type="stmt"/>
        <line num="17" count="6" type="cond" truecount="4" falsecount="1"/>
        <line num="18" count="6" type="stmt"/>
        <line num="22" count="10" type="stmt"/>
        <line num="24" count="10" type="stmt"/>
        <line num="26" count="1" type="stmt"/>
        <line num="50" count="6" type="stmt"/>
      </file>
      <file name="TagManage.tsx" path="/home/teruyoshi/workspace/action-tag-expense-tracker/frontend/src/pages/TagManage.tsx">
        <metrics statements="32" coveredstatements="32" conditionals="14" coveredconditionals="11" methods="16" coveredmethods="16"/>
        <line num="7" count="32" type="stmt"/>
        <line num="8" count="32" type="stmt"/>
        <line num="9" count="32" type="stmt"/>
        <line num="10" count="32" type="stmt"/>
        <line num="11" count="32" type="stmt"/>
        <line num="13" count="32" type="stmt"/>
        <line num="15" count="32" type="stmt"/>
        <line num="17" count="32" type="stmt"/>
        <line num="18" count="2" type="cond" truecount="2" falsecount="0"/>
        <line num="19" count="1" type="stmt"/>
        <line num="20" count="1" type="stmt"/>
        <line num="21" count="1" type="stmt"/>
        <line num="24" count="32" type="stmt"/>
        <line num="25" count="1" type="cond" truecount="1" falsecount="1"/>
        <line num="26" count="1" type="stmt"/>
        <line num="27" count="1" type="stmt"/>
        <line num="28" count="1" type="stmt"/>
        <line num="31" count="32" type="stmt"/>
        <line num="32" count="2" type="cond" truecount="2" falsecount="0"/>
        <line num="33" count="1" type="stmt"/>
        <line num="34" count="1" type="stmt"/>
        <line num="37" count="32" type="stmt"/>
        <line num="39" count="1" type="stmt"/>
        <line num="49" count="3" type="stmt"/>
        <line num="50" count="3" type="cond" truecount="1" falsecount="1"/>
        <line num="63" count="44" type="stmt"/>
        <line num="69" count="5" type="stmt"/>
        <line num="70" count="4" type="cond" truecount="1" falsecount="1"/>
        <line num="72" count="1" type="stmt"/>
        <line num="73" count="1" type="stmt"/>
        <line num="78" count="2" type="stmt"/>
        <line num="79" count="2" type="stmt"/>
      </file>
      <file name="TagSelect.tsx" path="/home/teruyoshi/workspace/action-tag-expense-tracker/frontend/src/pages/TagSelect.tsx">
        <metrics statements="9" coveredstatements="9" conditionals="2" coveredconditionals="2" methods="6" coveredmethods="6"/>
        <line num="7" count="8" type="stmt"/>
        <line num="8" count="8" type="stmt"/>
        <line num="10" count="8" type="stmt"/>
        <line num="11" count="4" type="stmt"/>
        <line num="14" count="8" type="stmt"/>
        <line num="15" count="1" type="stmt"/>
        <line num="18" count="8" type="stmt"/>
        <line num="20" count="1" type="stmt"/>
        <line num="27" count="6" type="stmt"/>
      </file>
    </package>
  </project>
</coverage>
