{"/home/teruyoshi/workspace/action-tag-expense-tracker/frontend/src/api/client.ts": {"path":"/home/teruyoshi/workspace/action-tag-expense-tracker/frontend/src/api/client.ts","statementMap":{"0":{"start":{"line":1,"column":17},"end":{"line":1,"column":null}},"1":{"start":{"line":4,"column":14},"end":{"line":7,"column":4}},"2":{"start":{"line":8,"column":2},"end":{"line":10,"column":null}},"3":{"start":{"line":9,"column":17},"end":{"line":9,"column":33}},"4":{"start":{"line":10,"column":4},"end":{"line":10,"column":null}},"5":{"start":{"line":12,"column":2},"end":{"line":12,"column":null}},"6":{"start":{"line":12,"column":26},"end":{"line":12,"column":null}},"7":{"start":{"line":13,"column":2},"end":{"line":13,"column":null}},"8":{"start":{"line":52,"column":19},"end":{"line":76,"column":null}},"9":{"start":{"line":53,"column":17},"end":{"line":53,"column":46}},"10":{"start":{"line":54,"column":31},"end":{"line":54,"column":110}},"11":{"start":{"line":55,"column":43},"end":{"line":55,"column":127}},"12":{"start":{"line":56,"column":29},"end":{"line":56,"column":79}},"13":{"start":{"line":59,"column":4},"end":{"line":59,"column":96}},"14":{"start":{"line":62,"column":4},"end":{"line":62,"column":122}},"15":{"start":{"line":65,"column":4},"end":{"line":65,"column":76}},"16":{"start":{"line":68,"column":4},"end":{"line":68,"column":69}},"17":{"start":{"line":71,"column":4},"end":{"line":71,"column":99}},"18":{"start":{"line":73,"column":20},"end":{"line":73,"column":48}},"19":{"start":{"line":75,"column":4},"end":{"line":75,"column":null}}},"fnMap":{"0":{"name":"request","decl":{"start":{"line":3,"column":15},"end":{"line":3,"column":26}},"loc":{"start":{"line":3,"column":75},"end":{"line":13,"column":null}},"line":3},"1":{"name":"(anonymous_1)","decl":{"start":{"line":53,"column":2},"end":{"line":53,"column":17}},"loc":{"start":{"line":53,"column":17},"end":{"line":53,"column":46}},"line":53},"2":{"name":"(anonymous_2)","decl":{"start":{"line":54,"column":2},"end":{"line":54,"column":14}},"loc":{"start":{"line":54,"column":31},"end":{"line":54,"column":110}},"line":54},"3":{"name":"(anonymous_3)","decl":{"start":{"line":55,"column":2},"end":{"line":55,"column":14}},"loc":{"start":{"line":55,"column":43},"end":{"line":55,"column":127}},"line":55},"4":{"name":"(anonymous_4)","decl":{"start":{"line":56,"column":2},"end":{"line":56,"column":14}},"loc":{"start":{"line":56,"column":29},"end":{"line":56,"column":79}},"line":56},"5":{"name":"(anonymous_5)","decl":{"start":{"line":58,"column":2},"end":{"line":58,"column":16}},"loc":{"start":{"line":59,"column":4},"end":{"line":59,"column":96}},"line":59},"6":{"name":"(anonymous_6)","decl":{"start":{"line":61,"column":2},"end":{"line":61,"column":18}},"loc":{"start":{"line":62,"column":4},"end":{"line":62,"column":122}},"line":62},"7":{"name":"(anonymous_7)","decl":{"start":{"line":64,"column":2},"end":{"line":64,"column":18}},"loc":{"start":{"line":65,"column":4},"end":{"line":65,"column":76}},"line":65},"8":{"name":"(anonymous_8)","decl":{"start":{"line":67,"column":2},"end":{"line":67,"column":17}},"loc":{"start":{"line":68,"column":4},"end":{"line":68,"column":69}},"line":68},"9":{"name":"(anonymous_9)","decl":{"start":{"line":70,"column":2},"end":{"line":70,"column":25}},"loc":{"start":{"line":71,"column":4},"end":{"line":71,"column":99}},"line":71},"10":{"name":"(anonymous_10)","decl":{"start":{"line":73,"column":2},"end":{"line":73,"column":20}},"loc":{"start":{"line":73,"column":20},"end":{"line":73,"column":48}},"line":73},"11":{"name":"(anonymous_11)","decl":{"start":{"line":74,"column":2},"end":{"line":74,"column":18}},"loc":{"start":{"line":75,"column":4},"end":{"line":75,"column":null}},"line":75}},"branchMap":{"0":{"loc":{"start":{"line":8,"column":2},"end":{"line":10,"column":null}},"type":"if","locations":[{"start":{"line":8,"column":2},"end":{"line":10,"column":null}},{"start":{},"end":{}}],"line":8},"1":{"loc":{"start":{"line":10,"column":20},"end":{"line":10,"column":43}},"type":"binary-expr","locations":[{"start":{"line":10,"column":20},"end":{"line":10,"column":28}},{"start":{"line":10,"column":28},"end":{"line":10,"column":43}}],"line":10},"2":{"loc":{"start":{"line":12,"column":2},"end":{"line":12,"column":null}},"type":"if","locations":[{"start":{"line":12,"column":2},"end":{"line":12,"column":null}},{"start":{},"end":{}}],"line":12},"3":{"loc":{"start":{"line":62,"column":91},"end":{"line":62,"column":110}},"type":"binary-expr","locations":[{"start":{"line":62,"column":91},"end":{"line":62,"column":99}},{"start":{"line":62,"column":99},"end":{"line":62,"column":110}}],"line":62}},"s":{"0":1,"1":11,"2":11,"3":2,"4":2,"5":9,"6":1,"7":8,"8":1,"9":2,"10":2,"11":1,"12":1,"13":1,"14":2,"15":1,"16":1,"17":0,"18":0,"19":0},"f":{"0":11,"1":2,"2":2,"3":1,"4":1,"5":1,"6":2,"7":1,"8":1,"9":0,"10":0,"11":0},"b":{"0":[2,9],"1":[2,1],"2":[1,8],"3":[2,1]},"meta":{"lastBranch":4,"lastFunction":12,"lastStatement":20,"seen":{"s:1:17:1:Infinity":0,"f:3:15:3:26":0,"s:4:14:7:4":1,"b:8:2:10:Infinity:undefined:undefined:undefined:undefined":0,"s:8:2:10:Infinity":2,"s:9:17:9:33":3,"s:10:4:10:Infinity":4,"b:10:20:10:28:10:28:10:43":1,"b:12:2:12:Infinity:undefined:undefined:undefined:undefined":2,"s:12:2:12:Infinity":5,"s:12:26:12:Infinity":6,"s:13:2:13:Infinity":7,"s:52:19:76:Infinity":8,"f:53:2:53:17":1,"s:53:17:53:46":9,"f:54:2:54:14":2,"s:54:31:54:110":10,"f:55:2:55:14":3,"s:55:43:55:127":11,"f:56:2:56:14":4,"s:56:29:56:79":12,"f:58:2:58:16":5,"s:59:4:59:96":13,"f:61:2:61:18":6,"s:62:4:62:122":14,"b:62:91:62:99:62:99:62:110":3,"f:64:2:64:18":7,"s:65:4:65:76":15,"f:67:2:67:17":8,"s:68:4:68:69":16,"f:70:2:70:25":9,"s:71:4:71:99":17,"f:73:2:73:20":10,"s:73:20:73:48":18,"f:74:2:74:18":11,"s:75:4:75:Infinity":19}}}
,"/home/teruyoshi/workspace/action-tag-expense-tracker/frontend/src/components/BalanceCard.tsx": {"path":"/home/teruyoshi/workspace/action-tag-expense-tracker/frontend/src/components/BalanceCard.tsx","statementMap":{"0":{"start":{"line":10,"column":20},"end":{"line":10,"column":51}},"1":{"start":{"line":11,"column":23},"end":{"line":11,"column":54}},"2":{"start":{"line":13,"column":8},"end":{"line":15,"column":null}},"3":{"start":{"line":14,"column":4},"end":{"line":14,"column":null}},"4":{"start":{"line":15,"column":4},"end":{"line":15,"column":null}},"5":{"start":{"line":18,"column":8},"end":{"line":25,"column":null}},"6":{"start":{"line":19,"column":19},"end":{"line":19,"column":45}},"7":{"start":{"line":20,"column":4},"end":{"line":20,"column":null}},"8":{"start":{"line":20,"column":23},"end":{"line":20,"column":null}},"9":{"start":{"line":21,"column":4},"end":{"line":25,"column":null}},"10":{"start":{"line":22,"column":6},"end":{"line":22,"column":null}},"11":{"start":{"line":23,"column":6},"end":{"line":23,"column":null}},"12":{"start":{"line":24,"column":6},"end":{"line":24,"column":null}},"13":{"start":{"line":28,"column":2},"end":{"line":60,"column":null}},"14":{"start":{"line":39,"column":54},"end":{"line":39,"column":73}},"15":{"start":{"line":40,"column":49},"end":{"line":40,"column":68}},"16":{"start":{"line":45,"column":31},"end":{"line":45,"column":62}},"17":{"start":{"line":53,"column":63},"end":{"line":53,"column":82}}},"fnMap":{"0":{"name":"BalanceCard","decl":{"start":{"line":9,"column":16},"end":{"line":9,"column":28}},"loc":{"start":{"line":9,"column":65},"end":{"line":60,"column":null}},"line":9},"1":{"name":"(anonymous_1)","decl":{"start":{"line":13,"column":8},"end":{"line":13,"column":27}},"loc":{"start":{"line":13,"column":27},"end":{"line":15,"column":null}},"line":13},"2":{"name":"(anonymous_2)","decl":{"start":{"line":18,"column":8},"end":{"line":18,"column":29}},"loc":{"start":{"line":18,"column":29},"end":{"line":25,"column":null}},"line":18},"3":{"name":"(anonymous_3)","decl":{"start":{"line":21,"column":30},"end":{"line":21,"column":36}},"loc":{"start":{"line":21,"column":42},"end":{"line":25,"column":null}},"line":21},"4":{"name":"(anonymous_4)","decl":{"start":{"line":39,"column":39},"end":{"line":39,"column":54}},"loc":{"start":{"line":39,"column":54},"end":{"line":39,"column":73}},"line":39},"5":{"name":"(anonymous_5)","decl":{"start":{"line":40,"column":33},"end":{"line":40,"column":43}},"loc":{"start":{"line":40,"column":49},"end":{"line":40,"column":68}},"line":40},"6":{"name":"(anonymous_6)","decl":{"start":{"line":45,"column":14},"end":{"line":45,"column":25}},"loc":{"start":{"line":45,"column":31},"end":{"line":45,"column":62}},"line":45},"7":{"name":"(anonymous_7)","decl":{"start":{"line":53,"column":48},"end":{"line":53,"column":63}},"loc":{"start":{"line":53,"column":63},"end":{"line":53,"column":82}},"line":53}},"branchMap":{"0":{"loc":{"start":{"line":20,"column":4},"end":{"line":20,"column":null}},"type":"if","locations":[{"start":{"line":20,"column":4},"end":{"line":20,"column":null}},{"start":{},"end":{}}],"line":20},"1":{"loc":{"start":{"line":38,"column":7},"end":{"line":60,"column":null}},"type":"binary-expr","locations":[{"start":{"line":38,"column":7},"end":{"line":38,"column":null}},{"start":{"line":39,"column":8},"end":{"line":60,"column":null}}],"line":38}},"s":{"0":42,"1":42,"2":42,"3":4,"4":4,"5":42,"6":2,"7":2,"8":0,"9":2,"10":2,"11":2,"12":2,"13":42,"14":0,"15":5,"16":12,"17":1},"f":{"0":42,"1":4,"2":2,"3":2,"4":0,"5":5,"6":12,"7":1},"b":{"0":[0,2],"1":[42,16]},"meta":{"lastBranch":2,"lastFunction":8,"lastStatement":18,"seen":{"f:9:16:9:28":0,"s:10:20:10:51":0,"s:11:23:11:54":1,"s:13:8:15:Infinity":2,"f:13:8:13:27":1,"s:14:4:14:Infinity":3,"s:15:4:15:Infinity":4,"s:18:8:25:Infinity":5,"f:18:8:18:29":2,"s:19:19:19:45":6,"b:20:4:20:Infinity:undefined:undefined:undefined:undefined":0,"s:20:4:20:Infinity":7,"s:20:23:20:Infinity":8,"s:21:4:25:Infinity":9,"f:21:30:21:36":3,"s:22:6:22:Infinity":10,"s:23:6:23:Infinity":11,"s:24:6:24:Infinity":12,"s:28:2:60:Infinity":13,"b:38:7:38:Infinity:39:8:60:Infinity":1,"f:39:39:39:54":4,"s:39:54:39:73":14,"f:40:33:40:43":5,"s:40:49:40:68":15,"f:45:14:45:25":6,"s:45:31:45:62":16,"f:53:48:53:63":7,"s:53:63:53:82":17}}}
,"/home/teruyoshi/workspace/action-tag-expense-tracker/frontend/src/components/MonthNav.tsx": {"path":"/home/teruyoshi/workspace/action-tag-expense-tracker/frontend/src/components/MonthNav.tsx","statementMap":{"0":{"start":{"line":8,"column":2},"end":{"line":12,"column":null}},"1":{"start":{"line":10,"column":29},"end":{"line":10,"column":46}},"2":{"start":{"line":12,"column":29},"end":{"line":12,"column":45}}},"fnMap":{"0":{"name":"MonthNav","decl":{"start":{"line":7,"column":16},"end":{"line":7,"column":25}},"loc":{"start":{"line":7,"column":64},"end":{"line":12,"column":null}},"line":7},"1":{"name":"(anonymous_1)","decl":{"start":{"line":10,"column":14},"end":{"line":10,"column":29}},"loc":{"start":{"line":10,"column":29},"end":{"line":10,"column":46}},"line":10},"2":{"name":"(anonymous_2)","decl":{"start":{"line":12,"column":14},"end":{"line":12,"column":29}},"loc":{"start":{"line":12,"column":29},"end":{"line":12,"column":45}},"line":12}},"branchMap":{},"s":{"0":23,"1":2,"2":1},"f":{"0":23,"1":2,"2":1},"b":{},"meta":{"lastBranch":0,"lastFunction":3,"lastStatement":3,"seen":{"f:7:16:7:25":0,"s:8:2:12:Infinity":0,"f:10:14:10:29":1,"s:10:29:10:46":1,"f:12:14:12:29":2,"s:12:29:12:45":2}}}
,"/home/teruyoshi/workspace/action-tag-expense-tracker/frontend/src/components/TagSummaryCard.tsx": {"path":"/home/teruyoshi/workspace/action-tag-expense-tracker/frontend/src/components/TagSummaryCard.tsx","statementMap":{"0":{"start":{"line":11,"column":2},"end":{"line":24,"column":null}},"1":{"start":{"line":19,"column":12},"end":{"line":22,"column":null}},"2":{"start":{"line":19,"column":74},"end":{"line":19,"column":135}}},"fnMap":{"0":{"name":"TagSummaryCard","decl":{"start":{"line":10,"column":16},"end":{"line":10,"column":31}},"loc":{"start":{"line":10,"column":79},"end":{"line":24,"column":null}},"line":10},"1":{"name":"(anonymous_1)","decl":{"start":{"line":18,"column":21},"end":{"line":18,"column":26}},"loc":{"start":{"line":19,"column":12},"end":{"line":22,"column":null}},"line":19},"2":{"name":"(anonymous_2)","decl":{"start":{"line":19,"column":59},"end":{"line":19,"column":74}},"loc":{"start":{"line":19,"column":74},"end":{"line":19,"column":135}},"line":19}},"branchMap":{"0":{"loc":{"start":{"line":14,"column":7},"end":{"line":24,"column":null}},"type":"cond-expr","locations":[{"start":{"line":15,"column":8},"end":{"line":17,"column":9}},{"start":{"line":17,"column":8},"end":{"line":24,"column":null}}],"line":14}},"s":{"0":23,"1":24,"2":2},"f":{"0":23,"1":24,"2":2},"b":{"0":[11,12]},"meta":{"lastBranch":1,"lastFunction":3,"lastStatement":3,"seen":{"f:10:16:10:31":0,"s:11:2:24:Infinity":0,"b:15:8:17:9:17:8:24:Infinity":0,"f:18:21:18:26":1,"s:19:12:22:Infinity":1,"f:19:59:19:74":2,"s:19:74:19:135":2}}}
,"/home/teruyoshi/workspace/action-tag-expense-tracker/frontend/src/pages/ExpenseInput.tsx": {"path":"/home/teruyoshi/workspace/action-tag-expense-tracker/frontend/src/pages/ExpenseInput.tsx","statementMap":{"0":{"start":{"line":12,"column":8},"end":{"line":12,"column":32}},"1":{"start":{"line":13,"column":8},"end":{"line":13,"column":32}},"2":{"start":{"line":14,"column":15},"end":{"line":14,"column":null}},"3":{"start":{"line":16,"column":16},"end":{"line":16,"column":null}},"4":{"start":{"line":17,"column":15},"end":{"line":17,"column":41}},"5":{"start":{"line":18,"column":15},"end":{"line":18,"column":76}},"6":{"start":{"line":19,"column":17},"end":{"line":19,"column":45}},"7":{"start":{"line":21,"column":2},"end":{"line":23,"column":null}},"8":{"start":{"line":22,"column":4},"end":{"line":22,"column":null}},"9":{"start":{"line":23,"column":4},"end":{"line":23,"column":null}},"10":{"start":{"line":26,"column":8},"end":{"line":29,"column":null}},"11":{"start":{"line":27,"column":17},"end":{"line":27,"column":26}},"12":{"start":{"line":28,"column":4},"end":{"line":28,"column":null}},"13":{"start":{"line":29,"column":4},"end":{"line":29,"column":null}},"14":{"start":{"line":32,"column":8},"end":{"line":32,"column":67}},"15":{"start":{"line":32,"column":23},"end":{"line":32,"column":67}},"16":{"start":{"line":34,"column":8},"end":{"line":35,"column":null}},"17":{"start":{"line":35,"column":4},"end":{"line":35,"column":null}},"18":{"start":{"line":35,"column":25},"end":{"line":35,"column":null}},"19":{"start":{"line":35,"column":55},"end":{"line":35,"column":67}},"20":{"start":{"line":38,"column":21},"end":{"line":52,"column":null}},"21":{"start":{"line":39,"column":22},"end":{"line":39,"column":62}},"22":{"start":{"line":39,"column":41},"end":{"line":39,"column":62}},"23":{"start":{"line":40,"column":4},"end":{"line":40,"column":null}},"24":{"start":{"line":40,"column":32},"end":{"line":40,"column":null}},"25":{"start":{"line":42,"column":4},"end":{"line":42,"column":null}},"26":{"start":{"line":43,"column":4},"end":{"line":52,"column":null}},"27":{"start":{"line":44,"column":20},"end":{"line":44,"column":55}},"28":{"start":{"line":45,"column":6},"end":{"line":46,"column":null}},"29":{"start":{"line":46,"column":8},"end":{"line":46,"column":null}},"30":{"start":{"line":48,"column":6},"end":{"line":48,"column":null}},"31":{"start":{"line":50,"column":6},"end":{"line":50,"column":null}},"32":{"start":{"line":52,"column":6},"end":{"line":52,"column":null}},"33":{"start":{"line":56,"column":2},"end":{"line":99,"column":null}},"34":{"start":{"line":58,"column":50},"end":{"line":58,"column":74}},"35":{"start":{"line":64,"column":59},"end":{"line":64,"column":86}},"36":{"start":{"line":75,"column":10},"end":{"line":91,"column":null}},"37":{"start":{"line":80,"column":31},"end":{"line":80,"column":null}},"38":{"start":{"line":86,"column":31},"end":{"line":86,"column":null}},"39":{"start":{"line":89,"column":60},"end":{"line":89,"column":72}}},"fnMap":{"0":{"name":"ExpenseInput","decl":{"start":{"line":11,"column":16},"end":{"line":11,"column":31}},"loc":{"start":{"line":11,"column":31},"end":{"line":99,"column":null}},"line":11},"1":{"name":"(anonymous_1)","decl":{"start":{"line":26,"column":8},"end":{"line":26,"column":21}},"loc":{"start":{"line":26,"column":79},"end":{"line":29,"column":null}},"line":26},"2":{"name":"(anonymous_2)","decl":{"start":{"line":32,"column":8},"end":{"line":32,"column":23}},"loc":{"start":{"line":32,"column":23},"end":{"line":32,"column":67}},"line":32},"3":{"name":"(anonymous_3)","decl":{"start":{"line":34,"column":8},"end":{"line":34,"column":21}},"loc":{"start":{"line":34,"column":39},"end":{"line":35,"column":null}},"line":34},"4":{"name":"(anonymous_4)","decl":{"start":{"line":35,"column":38},"end":{"line":35,"column":46}},"loc":{"start":{"line":35,"column":55},"end":{"line":35,"column":67}},"line":35},"5":{"name":"(anonymous_5)","decl":{"start":{"line":38,"column":21},"end":{"line":38,"column":33}},"loc":{"start":{"line":38,"column":33},"end":{"line":52,"column":null}},"line":38},"6":{"name":"(anonymous_6)","decl":{"start":{"line":39,"column":27},"end":{"line":39,"column":35}},"loc":{"start":{"line":39,"column":41},"end":{"line":39,"column":62}},"line":39},"7":{"name":"(anonymous_7)","decl":{"start":{"line":58,"column":35},"end":{"line":58,"column":50}},"loc":{"start":{"line":58,"column":50},"end":{"line":58,"column":74}},"line":58},"8":{"name":"(anonymous_8)","decl":{"start":{"line":64,"column":42},"end":{"line":64,"column":53}},"loc":{"start":{"line":64,"column":59},"end":{"line":64,"column":86}},"line":64},"9":{"name":"(anonymous_9)","decl":{"start":{"line":74,"column":14},"end":{"line":74,"column":19}},"loc":{"start":{"line":75,"column":10},"end":{"line":91,"column":null}},"line":75},"10":{"name":"(anonymous_10)","decl":{"start":{"line":80,"column":14},"end":{"line":80,"column":25}},"loc":{"start":{"line":80,"column":31},"end":{"line":80,"column":null}},"line":80},"11":{"name":"(anonymous_11)","decl":{"start":{"line":86,"column":14},"end":{"line":86,"column":25}},"loc":{"start":{"line":86,"column":31},"end":{"line":86,"column":null}},"line":86},"12":{"name":"(anonymous_12)","decl":{"start":{"line":89,"column":45},"end":{"line":89,"column":60}},"loc":{"start":{"line":89,"column":60},"end":{"line":89,"column":72}},"line":89}},"branchMap":{"0":{"loc":{"start":{"line":21,"column":2},"end":{"line":23,"column":null}},"type":"if","locations":[{"start":{"line":21,"column":2},"end":{"line":23,"column":null}},{"start":{},"end":{}}],"line":21},"1":{"loc":{"start":{"line":35,"column":4},"end":{"line":35,"column":null}},"type":"if","locations":[{"start":{"line":35,"column":4},"end":{"line":35,"column":null}},{"start":{},"end":{}}],"line":35},"2":{"loc":{"start":{"line":40,"column":4},"end":{"line":40,"column":null}},"type":"if","locations":[{"start":{"line":40,"column":4},"end":{"line":40,"column":null}},{"start":{},"end":{}}],"line":40},"3":{"loc":{"start":{"line":88,"column":13},"end":{"line":89,"column":null}},"type":"binary-expr","locations":[{"start":{"line":88,"column":13},"end":{"line":88,"column":null}},{"start":{"line":89,"column":14},"end":{"line":89,"column":null}}],"line":88},"4":{"loc":{"start":{"line":97,"column":9},"end":{"line":97,"column":null}},"type":"cond-expr","locations":[{"start":{"line":97,"column":18},"end":{"line":97,"column":29}},{"start":{"line":97,"column":29},"end":{"line":97,"column":null}}],"line":97}},"s":{"0":30,"1":30,"2":30,"3":30,"4":30,"5":30,"6":30,"7":30,"8":0,"9":0,"10":30,"11":18,"12":18,"13":18,"14":30,"15":2,"16":30,"17":0,"18":0,"19":0,"20":30,"21":3,"22":4,"23":3,"24":1,"25":2,"26":2,"27":2,"28":2,"29":3,"30":2,"31":0,"32":2,"33":30,"34":1,"35":0,"36":40,"37":9,"38":9,"39":0},"f":{"0":30,"1":18,"2":2,"3":0,"4":0,"5":3,"6":4,"7":1,"8":0,"9":40,"10":9,"11":9,"12":0},"b":{"0":[0,30],"1":[0,0],"2":[1,2],"3":[40,20],"4":[2,28]},"meta":{"lastBranch":5,"lastFunction":13,"lastStatement":40,"seen":{"f:11:16:11:31":0,"s:12:8:12:32":0,"s:13:8:13:32":1,"s:14:15:14:Infinity":2,"s:16:16:16:Infinity":3,"s:17:15:17:41":4,"s:18:15:18:76":5,"s:19:17:19:45":6,"b:21:2:23:Infinity:undefined:undefined:undefined:undefined":0,"s:21:2:23:Infinity":7,"s:22:4:22:Infinity":8,"s:23:4:23:Infinity":9,"s:26:8:29:Infinity":10,"f:26:8:26:21":1,"s:27:17:27:26":11,"s:28:4:28:Infinity":12,"s:29:4:29:Infinity":13,"s:32:8:32:67":14,"f:32:8:32:23":2,"s:32:23:32:67":15,"s:34:8:35:Infinity":16,"f:34:8:34:21":3,"b:35:4:35:Infinity:undefined:undefined:undefined:undefined":1,"s:35:4:35:Infinity":17,"s:35:25:35:Infinity":18,"f:35:38:35:46":4,"s:35:55:35:67":19,"s:38:21:52:Infinity":20,"f:38:21:38:33":5,"s:39:22:39:62":21,"f:39:27:39:35":6,"s:39:41:39:62":22,"b:40:4:40:Infinity:undefined:undefined:undefined:undefined":2,"s:40:4:40:Infinity":23,"s:40:32:40:Infinity":24,"s:42:4:42:Infinity":25,"s:43:4:52:Infinity":26,"s:44:20:44:55":27,"s:45:6:46:Infinity":28,"s:46:8:46:Infinity":29,"s:48:6:48:Infinity":30,"s:50:6:50:Infinity":31,"s:52:6:52:Infinity":32,"s:56:2:99:Infinity":33,"f:58:35:58:50":7,"s:58:50:58:74":34,"f:64:42:64:53":8,"s:64:59:64:86":35,"f:74:14:74:19":9,"s:75:10:91:Infinity":36,"f:80:14:80:25":10,"s:80:31:80:Infinity":37,"f:86:14:86:25":11,"s:86:31:86:Infinity":38,"b:88:13:88:Infinity:89:14:89:Infinity":3,"f:89:45:89:60":12,"s:89:60:89:72":39,"b:97:18:97:29:97:29:97:Infinity":4}}}
,"/home/teruyoshi/workspace/action-tag-expense-tracker/frontend/src/pages/Home.tsx": {"path":"/home/teruyoshi/workspace/action-tag-expense-tracker/frontend/src/pages/Home.tsx","statementMap":{"0":{"start":{"line":10,"column":8},"end":{"line":10,"column":32}},"1":{"start":{"line":11,"column":14},"end":{"line":11,"column":24}},"2":{"start":{"line":12,"column":15},"end":{"line":12,"column":53}},"3":{"start":{"line":13,"column":16},"end":{"line":13,"column":56}},"4":{"start":{"line":14,"column":16},"end":{"line":14,"column":39}},"5":{"start":{"line":15,"column":20},"end":{"line":15,"column":62}},"6":{"start":{"line":16,"column":18},"end":{"line":16,"column":43}},"7":{"start":{"line":18,"column":2},"end":{"line":21,"column":null}},"8":{"start":{"line":19,"column":4},"end":{"line":19,"column":null}},"9":{"start":{"line":19,"column":47},"end":{"line":19,"column":64}},"10":{"start":{"line":20,"column":4},"end":{"line":20,"column":null}},"11":{"start":{"line":23,"column":2},"end":{"line":25,"column":null}},"12":{"start":{"line":24,"column":4},"end":{"line":24,"column":null}},"13":{"start":{"line":24,"column":33},"end":{"line":24,"column":53}},"14":{"start":{"line":27,"column":8},"end":{"line":33,"column":null}},"15":{"start":{"line":28,"column":12},"end":{"line":28,"column":null}},"16":{"start":{"line":29,"column":12},"end":{"line":29,"column":null}},"17":{"start":{"line":30,"column":4},"end":{"line":30,"column":null}},"18":{"start":{"line":30,"column":17},"end":{"line":30,"column":25}},"19":{"start":{"line":30,"column":25},"end":{"line":30,"column":null}},"20":{"start":{"line":31,"column":4},"end":{"line":31,"column":null}},"21":{"start":{"line":31,"column":18},"end":{"line":31,"column":25}},"22":{"start":{"line":31,"column":25},"end":{"line":31,"column":null}},"23":{"start":{"line":32,"column":4},"end":{"line":32,"column":null}},"24":{"start":{"line":33,"column":4},"end":{"line":33,"column":null}},"25":{"start":{"line":36,"column":8},"end":{"line":37,"column":null}},"26":{"start":{"line":37,"column":4},"end":{"line":37,"column":null}},"27":{"start":{"line":40,"column":2},"end":{"line":63,"column":null}},"28":{"start":{"line":56,"column":55},"end":{"line":56,"column":79}},"29":{"start":{"line":59,"column":57},"end":{"line":59,"column":81}}},"fnMap":{"0":{"name":"Home","decl":{"start":{"line":9,"column":16},"end":{"line":9,"column":23}},"loc":{"start":{"line":9,"column":23},"end":{"line":63,"column":null}},"line":9},"1":{"name":"(anonymous_1)","decl":{"start":{"line":18,"column":2},"end":{"line":18,"column":18}},"loc":{"start":{"line":18,"column":18},"end":{"line":21,"column":6}},"line":18},"2":{"name":"(anonymous_2)","decl":{"start":{"line":19,"column":35},"end":{"line":19,"column":41}},"loc":{"start":{"line":19,"column":47},"end":{"line":19,"column":64}},"line":19},"3":{"name":"(anonymous_3)","decl":{"start":{"line":23,"column":2},"end":{"line":23,"column":18}},"loc":{"start":{"line":23,"column":18},"end":{"line":25,"column":7}},"line":23},"4":{"name":"(anonymous_4)","decl":{"start":{"line":24,"column":21},"end":{"line":24,"column":27}},"loc":{"start":{"line":24,"column":33},"end":{"line":24,"column":53}},"line":24},"5":{"name":"(anonymous_5)","decl":{"start":{"line":27,"column":8},"end":{"line":27,"column":23}},"loc":{"start":{"line":27,"column":41},"end":{"line":33,"column":null}},"line":27},"6":{"name":"(anonymous_6)","decl":{"start":{"line":36,"column":8},"end":{"line":36,"column":27}},"loc":{"start":{"line":36,"column":103},"end":{"line":37,"column":null}},"line":36},"7":{"name":"(anonymous_7)","decl":{"start":{"line":56,"column":40},"end":{"line":56,"column":55}},"loc":{"start":{"line":56,"column":55},"end":{"line":56,"column":79}},"line":56},"8":{"name":"(anonymous_8)","decl":{"start":{"line":59,"column":42},"end":{"line":59,"column":57}},"loc":{"start":{"line":59,"column":57},"end":{"line":59,"column":81}},"line":59}},"branchMap":{"0":{"loc":{"start":{"line":30,"column":4},"end":{"line":30,"column":null}},"type":"if","locations":[{"start":{"line":30,"column":4},"end":{"line":30,"column":null}},{"start":{},"end":{}}],"line":30},"1":{"loc":{"start":{"line":31,"column":4},"end":{"line":31,"column":null}},"type":"if","locations":[{"start":{"line":31,"column":4},"end":{"line":31,"column":null}},{"start":{},"end":{}}],"line":31}},"s":{"0":21,"1":21,"2":21,"3":21,"4":21,"5":21,"6":21,"7":21,"8":10,"9":10,"10":10,"11":21,"12":9,"13":9,"14":21,"15":1,"16":1,"17":1,"18":0,"19":0,"20":1,"21":0,"22":0,"23":1,"24":1,"25":21,"26":1,"27":21,"28":1,"29":1},"f":{"0":21,"1":10,"2":10,"3":9,"4":9,"5":1,"6":1,"7":1,"8":1},"b":{"0":[0,1],"1":[0,1]},"meta":{"lastBranch":2,"lastFunction":9,"lastStatement":30,"seen":{"f:9:16:9:23":0,"s:10:8:10:32":0,"s:11:14:11:24":1,"s:12:15:12:53":2,"s:13:16:13:56":3,"s:14:16:14:39":4,"s:15:20:15:62":5,"s:16:18:16:43":6,"s:18:2:21:Infinity":7,"f:18:2:18:18":1,"s:19:4:19:Infinity":8,"f:19:35:19:41":2,"s:19:47:19:64":9,"s:20:4:20:Infinity":10,"s:23:2:25:Infinity":11,"f:23:2:23:18":3,"s:24:4:24:Infinity":12,"f:24:21:24:27":4,"s:24:33:24:53":13,"s:27:8:33:Infinity":14,"f:27:8:27:23":5,"s:28:12:28:Infinity":15,"s:29:12:29:Infinity":16,"b:30:4:30:Infinity:undefined:undefined:undefined:undefined":0,"s:30:4:30:Infinity":17,"s:30:17:30:25":18,"s:30:25:30:Infinity":19,"b:31:4:31:Infinity:undefined:undefined:undefined:undefined":1,"s:31:4:31:Infinity":20,"s:31:18:31:25":21,"s:31:25:31:Infinity":22,"s:32:4:32:Infinity":23,"s:33:4:33:Infinity":24,"s:36:8:37:Infinity":25,"f:36:8:36:27":6,"s:37:4:37:Infinity":26,"s:40:2:63:Infinity":27,"f:56:40:56:55":7,"s:56:55:56:79":28,"f:59:42:59:57":8,"s:59:57:59:81":29}}}
,"/home/teruyoshi/workspace/action-tag-expense-tracker/frontend/src/pages/TagDetails.tsx": {"path":"/home/teruyoshi/workspace/action-tag-expense-tracker/frontend/src/pages/TagDetails.tsx","statementMap":{"0":{"start":{"line":7,"column":8},"end":{"line":7,"column":32}},"1":{"start":{"line":8,"column":10},"end":{"line":8,"column":50}},"2":{"start":{"line":9,"column":9},"end":{"line":9,"column":42}},"3":{"start":{"line":10,"column":18},"end":{"line":10,"column":null}},"4":{"start":{"line":11,"column":15},"end":{"line":11,"column":47}},"5":{"start":{"line":12,"column":16},"end":{"line":12,"column":49}},"6":{"start":{"line":14,"column":18},"end":{"line":14,"column":64}},"7":{"start":{"line":16,"column":2},"end":{"line":20,"column":null}},"8":{"start":{"line":17,"column":4},"end":{"line":18,"column":null}},"9":{"start":{"line":18,"column":6},"end":{"line":18,"column":null}},"10":{"start":{"line":22,"column":16},"end":{"line":22,"column":61}},"11":{"start":{"line":22,"column":43},"end":{"line":22,"column":59}},"12":{"start":{"line":24,"column":2},"end":{"line":60,"column":null}},"13":{"start":{"line":26,"column":50},"end":{"line":26,"column":63}},"14":{"start":{"line":50,"column":16},"end":{"line":54,"column":null}}},"fnMap":{"0":{"name":"TagDetails","decl":{"start":{"line":6,"column":16},"end":{"line":6,"column":29}},"loc":{"start":{"line":6,"column":29},"end":{"line":60,"column":null}},"line":6},"1":{"name":"(anonymous_1)","decl":{"start":{"line":16,"column":2},"end":{"line":16,"column":18}},"loc":{"start":{"line":16,"column":18},"end":{"line":20,"column":6}},"line":16},"2":{"name":"(anonymous_2)","decl":{"start":{"line":22,"column":24},"end":{"line":22,"column":32}},"loc":{"start":{"line":22,"column":43},"end":{"line":22,"column":59}},"line":22},"3":{"name":"(anonymous_3)","decl":{"start":{"line":26,"column":35},"end":{"line":26,"column":50}},"loc":{"start":{"line":26,"column":50},"end":{"line":26,"column":63}},"line":26},"4":{"name":"(anonymous_4)","decl":{"start":{"line":49,"column":23},"end":{"line":49,"column":28}},"loc":{"start":{"line":50,"column":16},"end":{"line":54,"column":null}},"line":50}},"branchMap":{"0":{"loc":{"start":{"line":10,"column":18},"end":{"line":10,"column":null}},"type":"binary-expr","locations":[{"start":{"line":10,"column":18},"end":{"line":10,"column":42}},{"start":{"line":10,"column":46},"end":{"line":10,"column":null}}],"line":10},"1":{"loc":{"start":{"line":17,"column":4},"end":{"line":18,"column":null}},"type":"if","locations":[{"start":{"line":17,"column":4},"end":{"line":18,"column":null}},{"start":{},"end":{}}],"line":17},"2":{"loc":{"start":{"line":17,"column":8},"end":{"line":17,"column":32}},"type":"binary-expr","locations":[{"start":{"line":17,"column":8},"end":{"line":17,"column":17}},{"start":{"line":17,"column":17},"end":{"line":17,"column":25}},{"start":{"line":17,"column":25},"end":{"line":17,"column":32}}],"line":17},"3":{"loc":{"start":{"line":37,"column":9},"end":{"line":56,"column":null}},"type":"cond-expr","locations":[{"start":{"line":38,"column":10},"end":{"line":40,"column":11}},{"start":{"line":40,"column":10},"end":{"line":56,"column":null}}],"line":37},"4":{"loc":{"start":{"line":52,"column":23},"end":{"line":52,"column":42}},"type":"binary-expr","locations":[{"start":{"line":52,"column":23},"end":{"line":52,"column":33}},{"start":{"line":52,"column":33},"end":{"line":52,"column":42}}],"line":52}},"s":{"0":10,"1":10,"2":10,"3":10,"4":10,"5":10,"6":10,"7":10,"8":6,"9":6,"10":10,"11":6,"12":10,"13":1,"14":6},"f":{"0":10,"1":6,"2":6,"3":1,"4":6},"b":{"0":[10,0],"1":[6,0],"2":[6,6,6],"3":[7,3],"4":[6,3]},"meta":{"lastBranch":5,"lastFunction":5,"lastStatement":15,"seen":{"f:6:16:6:29":0,"s:7:8:7:32":0,"s:8:10:8:50":1,"s:9:9:9:42":2,"s:10:18:10:Infinity":3,"b:10:18:10:42:10:46:10:Infinity":0,"s:11:15:11:47":4,"s:12:16:12:49":5,"s:14:18:14:64":6,"s:16:2:20:Infinity":7,"f:16:2:16:18":1,"b:17:4:18:Infinity:undefined:undefined:undefined:undefined":1,"s:17:4:18:Infinity":8,"b:17:8:17:17:17:17:17:25:17:25:17:32":2,"s:18:6:18:Infinity":9,"s:22:16:22:61":10,"f:22:24:22:32":2,"s:22:43:22:59":11,"s:24:2:60:Infinity":12,"f:26:35:26:50":3,"s:26:50:26:63":13,"b:38:10:40:11:40:10:56:Infinity":3,"f:49:23:49:28":4,"s:50:16:54:Infinity":14,"b:52:23:52:33:52:33:52:42":4}}}
,"/home/teruyoshi/workspace/action-tag-expense-tracker/frontend/src/pages/TagManage.tsx": {"path":"/home/teruyoshi/workspace/action-tag-expense-tracker/frontend/src/pages/TagManage.tsx","statementMap":{"0":{"start":{"line":7,"column":8},"end":{"line":7,"column":32}},"1":{"start":{"line":8,"column":15},"end":{"line":8,"column":51}},"2":{"start":{"line":9,"column":18},"end":{"line":9,"column":44}},"3":{"start":{"line":10,"column":20},"end":{"line":10,"column":65}},"4":{"start":{"line":11,"column":19},"end":{"line":11,"column":46}},"5":{"start":{"line":13,"column":8},"end":{"line":13,"column":48}},"6":{"start":{"line":13,"column":21},"end":{"line":13,"column":48}},"7":{"start":{"line":15,"column":2},"end":{"line":15,"column":null}},"8":{"start":{"line":15,"column":20},"end":{"line":15,"column":31}},"9":{"start":{"line":17,"column":23},"end":{"line":21,"column":null}},"10":{"start":{"line":18,"column":4},"end":{"line":18,"column":null}},"11":{"start":{"line":18,"column":25},"end":{"line":18,"column":null}},"12":{"start":{"line":19,"column":4},"end":{"line":19,"column":null}},"13":{"start":{"line":20,"column":4},"end":{"line":20,"column":null}},"14":{"start":{"line":21,"column":4},"end":{"line":21,"column":null}},"15":{"start":{"line":24,"column":23},"end":{"line":28,"column":null}},"16":{"start":{"line":25,"column":4},"end":{"line":25,"column":null}},"17":{"start":{"line":25,"column":26},"end":{"line":25,"column":null}},"18":{"start":{"line":26,"column":4},"end":{"line":26,"column":null}},"19":{"start":{"line":27,"column":4},"end":{"line":27,"column":null}},"20":{"start":{"line":28,"column":4},"end":{"line":28,"column":null}},"21":{"start":{"line":31,"column":23},"end":{"line":34,"column":null}},"22":{"start":{"line":32,"column":4},"end":{"line":32,"column":null}},"23":{"start":{"line":32,"column":29},"end":{"line":32,"column":null}},"24":{"start":{"line":33,"column":4},"end":{"line":33,"column":null}},"25":{"start":{"line":34,"column":4},"end":{"line":34,"column":null}},"26":{"start":{"line":37,"column":2},"end":{"line":87,"column":null}},"27":{"start":{"line":39,"column":50},"end":{"line":39,"column":63}},"28":{"start":{"line":49,"column":29},"end":{"line":49,"column":55}},"29":{"start":{"line":50,"column":30},"end":{"line":50,"column":null}},"30":{"start":{"line":63,"column":14},"end":{"line":82,"column":null}},"31":{"start":{"line":69,"column":39},"end":{"line":69,"column":66}},"32":{"start":{"line":70,"column":40},"end":{"line":70,"column":null}},"33":{"start":{"line":72,"column":67},"end":{"line":72,"column":87}},"34":{"start":{"line":73,"column":69},"end":{"line":73,"column":87}},"35":{"start":{"line":78,"column":71},"end":{"line":78,"column":93}},"36":{"start":{"line":78,"column":93},"end":{"line":78,"column":119}},"37":{"start":{"line":79,"column":66},"end":{"line":79,"column":86}}},"fnMap":{"0":{"name":"TagManage","decl":{"start":{"line":6,"column":16},"end":{"line":6,"column":28}},"loc":{"start":{"line":6,"column":28},"end":{"line":87,"column":null}},"line":6},"1":{"name":"(anonymous_1)","decl":{"start":{"line":13,"column":8},"end":{"line":13,"column":21}},"loc":{"start":{"line":13,"column":21},"end":{"line":13,"column":48}},"line":13},"2":{"name":"(anonymous_2)","decl":{"start":{"line":15,"column":2},"end":{"line":15,"column":18}},"loc":{"start":{"line":15,"column":18},"end":{"line":15,"column":33}},"line":15},"3":{"name":"(anonymous_3)","decl":{"start":{"line":17,"column":23},"end":{"line":17,"column":35}},"loc":{"start":{"line":17,"column":35},"end":{"line":21,"column":null}},"line":17},"4":{"name":"(anonymous_4)","decl":{"start":{"line":24,"column":23},"end":{"line":24,"column":30}},"loc":{"start":{"line":24,"column":45},"end":{"line":28,"column":null}},"line":24},"5":{"name":"(anonymous_5)","decl":{"start":{"line":31,"column":23},"end":{"line":31,"column":30}},"loc":{"start":{"line":31,"column":45},"end":{"line":34,"column":null}},"line":31},"6":{"name":"(anonymous_6)","decl":{"start":{"line":39,"column":35},"end":{"line":39,"column":50}},"loc":{"start":{"line":39,"column":50},"end":{"line":39,"column":63}},"line":39},"7":{"name":"(anonymous_7)","decl":{"start":{"line":49,"column":12},"end":{"line":49,"column":23}},"loc":{"start":{"line":49,"column":29},"end":{"line":49,"column":55}},"line":49},"8":{"name":"(anonymous_8)","decl":{"start":{"line":50,"column":12},"end":{"line":50,"column":24}},"loc":{"start":{"line":50,"column":30},"end":{"line":50,"column":null}},"line":50},"9":{"name":"(anonymous_9)","decl":{"start":{"line":62,"column":18},"end":{"line":62,"column":23}},"loc":{"start":{"line":63,"column":14},"end":{"line":82,"column":null}},"line":63},"10":{"name":"(anonymous_10)","decl":{"start":{"line":69,"column":22},"end":{"line":69,"column":33}},"loc":{"start":{"line":69,"column":39},"end":{"line":69,"column":66}},"line":69},"11":{"name":"(anonymous_11)","decl":{"start":{"line":70,"column":22},"end":{"line":70,"column":34}},"loc":{"start":{"line":70,"column":40},"end":{"line":70,"column":null}},"line":70},"12":{"name":"(anonymous_12)","decl":{"start":{"line":72,"column":52},"end":{"line":72,"column":67}},"loc":{"start":{"line":72,"column":67},"end":{"line":72,"column":87}},"line":72},"13":{"name":"(anonymous_13)","decl":{"start":{"line":73,"column":54},"end":{"line":73,"column":69}},"loc":{"start":{"line":73,"column":69},"end":{"line":73,"column":87}},"line":73},"14":{"name":"(anonymous_14)","decl":{"start":{"line":78,"column":54},"end":{"line":78,"column":69}},"loc":{"start":{"line":78,"column":69},"end":{"line":78,"column":119}},"line":78},"15":{"name":"(anonymous_15)","decl":{"start":{"line":79,"column":51},"end":{"line":79,"column":66}},"loc":{"start":{"line":79,"column":66},"end":{"line":79,"column":86}},"line":79}},"branchMap":{"0":{"loc":{"start":{"line":18,"column":4},"end":{"line":18,"column":null}},"type":"if","locations":[{"start":{"line":18,"column":4},"end":{"line":18,"column":null}},{"start":{},"end":{}}],"line":18},"1":{"loc":{"start":{"line":25,"column":4},"end":{"line":25,"column":null}},"type":"if","locations":[{"start":{"line":25,"column":4},"end":{"line":25,"column":null}},{"start":{},"end":{}}],"line":25},"2":{"loc":{"start":{"line":32,"column":4},"end":{"line":32,"column":null}},"type":"if","locations":[{"start":{"line":32,"column":4},"end":{"line":32,"column":null}},{"start":{},"end":{}}],"line":32},"3":{"loc":{"start":{"line":50,"column":30},"end":{"line":50,"column":null}},"type":"binary-expr","locations":[{"start":{"line":50,"column":30},"end":{"line":50,"column":51}},{"start":{"line":50,"column":51},"end":{"line":50,"column":null}}],"line":50},"4":{"loc":{"start":{"line":58,"column":9},"end":{"line":84,"column":null}},"type":"cond-expr","locations":[{"start":{"line":59,"column":10},"end":{"line":61,"column":11}},{"start":{"line":61,"column":10},"end":{"line":84,"column":null}}],"line":58},"5":{"loc":{"start":{"line":64,"column":17},"end":{"line":82,"column":null}},"type":"cond-expr","locations":[{"start":{"line":65,"column":18},"end":{"line":76,"column":19}},{"start":{"line":76,"column":18},"end":{"line":82,"column":null}}],"line":64},"6":{"loc":{"start":{"line":70,"column":40},"end":{"line":70,"column":null}},"type":"binary-expr","locations":[{"start":{"line":70,"column":40},"end":{"line":70,"column":61}},{"start":{"line":70,"column":61},"end":{"line":70,"column":null}}],"line":70}},"s":{"0":32,"1":32,"2":32,"3":32,"4":32,"5":32,"6":12,"7":32,"8":9,"9":32,"10":2,"11":1,"12":1,"13":1,"14":1,"15":32,"16":1,"17":0,"18":1,"19":1,"20":1,"21":32,"22":2,"23":1,"24":1,"25":1,"26":32,"27":1,"28":3,"29":3,"30":44,"31":5,"32":4,"33":1,"34":1,"35":2,"36":2,"37":2},"f":{"0":32,"1":12,"2":9,"3":2,"4":1,"5":2,"6":1,"7":3,"8":3,"9":44,"10":5,"11":4,"12":1,"13":1,"14":2,"15":2},"b":{"0":[1,1],"1":[0,1],"2":[1,1],"3":[3,0],"4":[10,22],"5":[7,37],"6":[4,0]},"meta":{"lastBranch":7,"lastFunction":16,"lastStatement":38,"seen":{"f:6:16:6:28":0,"s:7:8:7:32":0,"s:8:15:8:51":1,"s:9:18:9:44":2,"s:10:20:10:65":3,"s:11:19:11:46":4,"s:13:8:13:48":5,"f:13:8:13:21":1,"s:13:21:13:48":6,"s:15:2:15:Infinity":7,"f:15:2:15:18":2,"s:15:20:15:31":8,"s:17:23:21:Infinity":9,"f:17:23:17:35":3,"b:18:4:18:Infinity:undefined:undefined:undefined:undefined":0,"s:18:4:18:Infinity":10,"s:18:25:18:Infinity":11,"s:19:4:19:Infinity":12,"s:20:4:20:Infinity":13,"s:21:4:21:Infinity":14,"s:24:23:28:Infinity":15,"f:24:23:24:30":4,"b:25:4:25:Infinity:undefined:undefined:undefined:undefined":1,"s:25:4:25:Infinity":16,"s:25:26:25:Infinity":17,"s:26:4:26:Infinity":18,"s:27:4:27:Infinity":19,"s:28:4:28:Infinity":20,"s:31:23:34:Infinity":21,"f:31:23:31:30":5,"b:32:4:32:Infinity:undefined:undefined:undefined:undefined":2,"s:32:4:32:Infinity":22,"s:32:29:32:Infinity":23,"s:33:4:33:Infinity":24,"s:34:4:34:Infinity":25,"s:37:2:87:Infinity":26,"f:39:35:39:50":6,"s:39:50:39:63":27,"f:49:12:49:23":7,"s:49:29:49:55":28,"f:50:12:50:24":8,"s:50:30:50:Infinity":29,"b:50:30:50:51:50:51:50:Infinity":3,"b:59:10:61:11:61:10:84:Infinity":4,"f:62:18:62:23":9,"s:63:14:82:Infinity":30,"b:65:18:76:19:76:18:82:Infinity":5,"f:69:22:69:33":10,"s:69:39:69:66":31,"f:70:22:70:34":11,"s:70:40:70:Infinity":32,"b:70:40:70:61:70:61:70:Infinity":6,"f:72:52:72:67":12,"s:72:67:72:87":33,"f:73:54:73:69":13,"s:73:69:73:87":34,"f:78:54:78:69":14,"s:78:71:78:93":35,"s:78:93:78:119":36,"f:79:51:79:66":15,"s:79:66:79:86":37}}}
,"/home/teruyoshi/workspace/action-tag-expense-tracker/frontend/src/pages/TagSelect.tsx": {"path":"/home/teruyoshi/workspace/action-tag-expense-tracker/frontend/src/pages/TagSelect.tsx","statementMap":{"0":{"start":{"line":7,"column":8},"end":{"line":7,"column":32}},"1":{"start":{"line":8,"column":15},"end":{"line":8,"column":51}},"2":{"start":{"line":10,"column":2},"end":{"line":12,"column":null}},"3":{"start":{"line":11,"column":4},"end":{"line":11,"column":null}},"4":{"start":{"line":14,"column":8},"end":{"line":15,"column":null}},"5":{"start":{"line":15,"column":4},"end":{"line":15,"column":null}},"6":{"start":{"line":18,"column":2},"end":{"line":33,"column":null}},"7":{"start":{"line":20,"column":50},"end":{"line":20,"column":63}},"8":{"start":{"line":27,"column":12},"end":{"line":29,"column":null}},"9":{"start":{"line":27,"column":74},"end":{"line":27,"column":91}}},"fnMap":{"0":{"name":"TagSelect","decl":{"start":{"line":6,"column":16},"end":{"line":6,"column":28}},"loc":{"start":{"line":6,"column":28},"end":{"line":33,"column":null}},"line":6},"1":{"name":"(anonymous_1)","decl":{"start":{"line":10,"column":2},"end":{"line":10,"column":18}},"loc":{"start":{"line":10,"column":18},"end":{"line":12,"column":7}},"line":10},"2":{"name":"(anonymous_2)","decl":{"start":{"line":14,"column":8},"end":{"line":14,"column":24}},"loc":{"start":{"line":14,"column":43},"end":{"line":15,"column":null}},"line":14},"3":{"name":"(anonymous_3)","decl":{"start":{"line":20,"column":35},"end":{"line":20,"column":50}},"loc":{"start":{"line":20,"column":50},"end":{"line":20,"column":63}},"line":20},"4":{"name":"(anonymous_4)","decl":{"start":{"line":26,"column":16},"end":{"line":26,"column":21}},"loc":{"start":{"line":27,"column":12},"end":{"line":29,"column":null}},"line":27},"5":{"name":"(anonymous_5)","decl":{"start":{"line":27,"column":59},"end":{"line":27,"column":74}},"loc":{"start":{"line":27,"column":74},"end":{"line":27,"column":91}},"line":27}},"branchMap":{"0":{"loc":{"start":{"line":22,"column":7},"end":{"line":31,"column":null}},"type":"cond-expr","locations":[{"start":{"line":23,"column":8},"end":{"line":25,"column":9}},{"start":{"line":25,"column":8},"end":{"line":31,"column":null}}],"line":22}},"s":{"0":8,"1":8,"2":8,"3":4,"4":8,"5":1,"6":8,"7":1,"8":6,"9":1},"f":{"0":8,"1":4,"2":1,"3":1,"4":6,"5":1},"b":{"0":[5,3]},"meta":{"lastBranch":1,"lastFunction":6,"lastStatement":10,"seen":{"f:6:16:6:28":0,"s:7:8:7:32":0,"s:8:15:8:51":1,"s:10:2:12:Infinity":2,"f:10:2:10:18":1,"s:11:4:11:Infinity":3,"s:14:8:15:Infinity":4,"f:14:8:14:24":2,"s:15:4:15:Infinity":5,"s:18:2:33:Infinity":6,"f:20:35:20:50":3,"s:20:50:20:63":7,"b:23:8:25:9:25:8:31:Infinity":0,"f:26:16:26:21":4,"s:27:12:29:Infinity":8,"f:27:59:27:74":5,"s:27:74:27:91":9}}}
}
