{"/home/teruyoshi/workspace/action-tag-expense-tracker/frontend/src/api/client.ts": {"path":"/home/teruyoshi/workspace/action-tag-expense-tracker/frontend/src/api/client.ts","statementMap":{"0":{"start":{"line":1,"column":17},"end":{"line":1,"column":null}},"1":{"start":{"line":4,"column":14},"end":{"line":7,"column":4}},"2":{"start":{"line":8,"column":2},"end":{"line":10,"column":null}},"3":{"start":{"line":9,"column":17},"end":{"line":9,"column":33}},"4":{"start":{"line":10,"column":4},"end":{"line":10,"column":null}},"5":{"start":{"line":12,"column":2},"end":{"line":12,"column":null}},"6":{"start":{"line":12,"column":26},"end":{"line":12,"column":null}},"7":{"start":{"line":13,"column":2},"end":{"line":13,"column":null}},"8":{"start":{"line":52,"column":19},"end":{"line":76,"column":null}},"9":{"start":{"line":53,"column":17},"end":{"line":53,"column":46}},"10":{"start":{"line":54,"column":31},"end":{"line":54,"column":110}},"11":{"start":{"line":55,"column":43},"end":{"line":55,"column":127}},"12":{"start":{"line":56,"column":29},"end":{"line":56,"column":79}},"13":{"start":{"line":59,"column":4},"end":{"line":59,"column":96}},"14":{"start":{"line":62,"column":4},"end":{"line":62,"column":122}},"15":{"start":{"line":65,"column":4},"end":{"line":65,"column":76}},"16":{"start":{"line":68,"column":4},"end":{"line":68,"column":69}},"17":{"start":{"line":71,"column":4},"end":{"line":71,"column":99}},"18":{"start":{"line":73,"column":20},"end":{"line":73,"column":48}},"19":{"start":{"line":75,"column":4},"end":{"line":75,"column":null}}},"fnMap":{"0":{"name":"request","decl":{"start":{"line":3,"column":15},"end":{"line":3,"column":26}},"loc":{"start":{"line":3,"column":75},"end":{"line":13,"column":null}},"line":3},"1":{"name":"(anonymous_1)","decl":{"start":{"line":53,"column":2},"end":{"line":53,"column":17}},"loc":{"start":{"line":53,"column":17},"end":{"line":53,"column":46}},"line":53},"2":{"name":"(anonymous_2)","decl":{"start":{"line":54,"column":2},"end":{"line":54,"column":14}},"loc":{"start":{"line":54,"column":31},"end":{"line":54,"column":110}},"line":54},"3":{"name":"(anonymous_3)","decl":{"start":{"line":55,"column":2},"end":{"line":55,"column":14}},"loc":{"start":{"line":55,"column":43},"end":{"line":55,"column":127}},"line":55},"4":{"name":"(anonymous_4)","decl":{"start":{"line":56,"column":2},"end":{"line":56,"column":14}},"loc":{"start":{"line":56,"column":29},"end":{"line":56,"column":79}},"line":56},"5":{"name":"(anonymous_5)","decl":{"start":{"line":58,"column":2},"end":{"line":58,"column":16}},"loc":{"start":{"line":59,"column":4},"end":{"line":59,"column":96}},"line":59},"6":{"name":"(anonymous_6)","decl":{"start":{"line":61,"column":2},"end":{"line":61,"column":18}},"loc":{"start":{"line":62,"column":4},"end":{"line":62,"column":122}},"line":62},"7":{"name":"(anonymous_7)","decl":{"start":{"line":64,"column":2},"end":{"line":64,"column":18}},"loc":{"start":{"line":65,"column":4},"end":{"line":65,"column":76}},"line":65},"8":{"name":"(anonymous_8)","decl":{"start":{"line":67,"column":2},"end":{"line":67,"column":17}},"loc":{"start":{"line":68,"column":4},"end":{"line":68,"column":69}},"line":68},"9":{"name":"(anonymous_9)","decl":{"start":{"line":70,"column":2},"end":{"line":70,"column":25}},"loc":{"start":{"line":71,"column":4},"end":{"line":71,"column":99}},"line":71},"10":{"name":"(anonymous_10)","decl":{"start":{"line":73,"column":2},"end":{"line":73,"column":20}},"loc":{"start":{"line":73,"column":20},"end":{"line":73,"column":48}},"line":73},"11":{"name":"(anonymous_11)","decl":{"start":{"line":74,"column":2},"end":{"line":74,"column":18}},"loc":{"start":{"line":75,"column":4},"end":{"line":75,"column":null}},"line":75}},"branchMap":{"0":{"loc":{"start":{"line":8,"column":2},"end":{"line":10,"column":null}},"type":"if","locations":[{"start":{"line":8,"column":2},"end":{"line":10,"column":null}},{"start":{},"end":{}}],"line":8},"1":{"loc":{"start":{"line":10,"column":20},"end":{"line":10,"column":43}},"type":"binary-expr","locations":[{"start":{"line":10,"column":20},"end":{"line":10,"column":28}},{"start":{"line":10,"column":28},"end":{"line":10,"column":43}}],"line":10},"2":{"loc":{"start":{"line":12,"column":2},"end":{"line":12,"column":null}},"type":"if","locations":[{"start":{"line":12,"column":2},"end":{"line":12,"column":null}},{"start":{},"end":{}}],"line":12},"3":{"loc":{"start":{"line":62,"column":91},"end":{"line":62,"column":110}},"type":"binary-expr","locations":[{"start":{"line":62,"column":91},"end":{"line":62,"column":99}},{"start":{"line":62,"column":99},"end":{"line":62,"column":110}}],"line":62}},"s":{"0":1,"1":11,"2":11,"3":2,"4":2,"5":9,"6":1,"7":8,"8":1,"9":2,"10":2,"11":1,"12":1,"13":1,"14":2,"15":1,"16":1,"17":0,"18":0,"19":0},"f":{"0":11,"1":2,"2":2,"3":1,"4":1,"5":1,"6":2,"7":1,"8":1,"9":0,"10":0,"11":0},"b":{"0":[2,9],"1":[2,1],"2":[1,8],"3":[2,1]},"meta":{"lastBranch":4,"lastFunction":12,"lastStatement":20,"seen":{"s:1:17:1:Infinity":0,"f:3:15:3:26":0,"s:4:14:7:4":1,"b:8:2:10:Infinity:undefined:undefined:undefined:undefined":0,"s:8:2:10:Infinity":2,"s:9:17:9:33":3,"s:10:4:10:Infinity":4,"b:10:20:10:28:10:28:10:43":1,"b:12:2:12:Infinity:undefined:undefined:undefined:undefined":2,"s:12:2:12:Infinity":5,"s:12:26:12:Infinity":6,"s:13:2:13:Infinity":7,"s:52:19:76:Infinity":8,"f:53:2:53:17":1,"s:53:17:53:46":9,"f:54:2:54:14":2,"s:54:31:54:110":10,"f:55:2:55:14":3,"s:55:43:55:127":11,"f:56:2:56:14":4,"s:56:29:56:79":12,"f:58:2:58:16":5,"s:59:4:59:96":13,"f:61:2:61:18":6,"s:62:4:62:122":14,"b:62:91:62:99:62:99:62:110":3,"f:64:2:64:18":7,"s:65:4:65:76":15,"f:67:2:67:17":8,"s:68:4:68:69":16,"f:70:2:70:25":9,"s:71:4:71:99":17,"f:73:2:73:20":10,"s:73:20:73:48":18,"f:74:2:74:18":11,"s:75:4:75:Infinity":19}}}
,"/home/teruyoshi/workspace/action-tag-expense-tracker/frontend/src/pages/ExpenseInput.tsx": {"path":"/home/teruyoshi/workspace/action-tag-expense-tracker/frontend/src/pages/ExpenseInput.tsx","statementMap":{"0":{"start":{"line":17,"column":16},"end":{"line":17,"column":null}},"1":{"start":{"line":18,"column":15},"end":{"line":18,"column":41}},"2":{"start":{"line":19,"column":15},"end":{"line":19,"column":76}},"3":{"start":{"line":20,"column":17},"end":{"line":20,"column":45}},"4":{"start":{"line":22,"column":8},"end":{"line":25,"column":null}},"5":{"start":{"line":23,"column":17},"end":{"line":23,"column":26}},"6":{"start":{"line":24,"column":4},"end":{"line":24,"column":null}},"7":{"start":{"line":25,"column":4},"end":{"line":25,"column":null}},"8":{"start":{"line":28,"column":8},"end":{"line":28,"column":67}},"9":{"start":{"line":28,"column":23},"end":{"line":28,"column":67}},"10":{"start":{"line":30,"column":8},"end":{"line":31,"column":null}},"11":{"start":{"line":31,"column":4},"end":{"line":31,"column":null}},"12":{"start":{"line":31,"column":25},"end":{"line":31,"column":null}},"13":{"start":{"line":31,"column":55},"end":{"line":31,"column":67}},"14":{"start":{"line":34,"column":21},"end":{"line":48,"column":null}},"15":{"start":{"line":35,"column":22},"end":{"line":35,"column":62}},"16":{"start":{"line":35,"column":41},"end":{"line":35,"column":62}},"17":{"start":{"line":36,"column":4},"end":{"line":36,"column":null}},"18":{"start":{"line":36,"column":32},"end":{"line":36,"column":null}},"19":{"start":{"line":38,"column":4},"end":{"line":38,"column":null}},"20":{"start":{"line":39,"column":4},"end":{"line":48,"column":null}},"21":{"start":{"line":40,"column":20},"end":{"line":40,"column":55}},"22":{"start":{"line":41,"column":6},"end":{"line":42,"column":null}},"23":{"start":{"line":42,"column":8},"end":{"line":42,"column":null}},"24":{"start":{"line":44,"column":6},"end":{"line":44,"column":null}},"25":{"start":{"line":46,"column":6},"end":{"line":46,"column":null}},"26":{"start":{"line":48,"column":6},"end":{"line":48,"column":null}},"27":{"start":{"line":52,"column":2},"end":{"line":95,"column":null}},"28":{"start":{"line":60,"column":59},"end":{"line":60,"column":86}},"29":{"start":{"line":71,"column":10},"end":{"line":87,"column":null}},"30":{"start":{"line":76,"column":31},"end":{"line":76,"column":null}},"31":{"start":{"line":82,"column":31},"end":{"line":82,"column":null}},"32":{"start":{"line":85,"column":60},"end":{"line":85,"column":72}}},"fnMap":{"0":{"name":"ExpenseInput","decl":{"start":{"line":16,"column":16},"end":{"line":16,"column":29}},"loc":{"start":{"line":16,"column":62},"end":{"line":95,"column":null}},"line":16},"1":{"name":"(anonymous_1)","decl":{"start":{"line":22,"column":8},"end":{"line":22,"column":21}},"loc":{"start":{"line":22,"column":79},"end":{"line":25,"column":null}},"line":22},"2":{"name":"(anonymous_2)","decl":{"start":{"line":28,"column":8},"end":{"line":28,"column":23}},"loc":{"start":{"line":28,"column":23},"end":{"line":28,"column":67}},"line":28},"3":{"name":"(anonymous_3)","decl":{"start":{"line":30,"column":8},"end":{"line":30,"column":21}},"loc":{"start":{"line":30,"column":39},"end":{"line":31,"column":null}},"line":30},"4":{"name":"(anonymous_4)","decl":{"start":{"line":31,"column":38},"end":{"line":31,"column":46}},"loc":{"start":{"line":31,"column":55},"end":{"line":31,"column":67}},"line":31},"5":{"name":"(anonymous_5)","decl":{"start":{"line":34,"column":21},"end":{"line":34,"column":33}},"loc":{"start":{"line":34,"column":33},"end":{"line":48,"column":null}},"line":34},"6":{"name":"(anonymous_6)","decl":{"start":{"line":35,"column":27},"end":{"line":35,"column":35}},"loc":{"start":{"line":35,"column":41},"end":{"line":35,"column":62}},"line":35},"7":{"name":"(anonymous_7)","decl":{"start":{"line":60,"column":42},"end":{"line":60,"column":53}},"loc":{"start":{"line":60,"column":59},"end":{"line":60,"column":86}},"line":60},"8":{"name":"(anonymous_8)","decl":{"start":{"line":70,"column":14},"end":{"line":70,"column":19}},"loc":{"start":{"line":71,"column":10},"end":{"line":87,"column":null}},"line":71},"9":{"name":"(anonymous_9)","decl":{"start":{"line":76,"column":14},"end":{"line":76,"column":25}},"loc":{"start":{"line":76,"column":31},"end":{"line":76,"column":null}},"line":76},"10":{"name":"(anonymous_10)","decl":{"start":{"line":82,"column":14},"end":{"line":82,"column":25}},"loc":{"start":{"line":82,"column":31},"end":{"line":82,"column":null}},"line":82},"11":{"name":"(anonymous_11)","decl":{"start":{"line":85,"column":45},"end":{"line":85,"column":60}},"loc":{"start":{"line":85,"column":60},"end":{"line":85,"column":72}},"line":85}},"branchMap":{"0":{"loc":{"start":{"line":31,"column":4},"end":{"line":31,"column":null}},"type":"if","locations":[{"start":{"line":31,"column":4},"end":{"line":31,"column":null}},{"start":{},"end":{}}],"line":31},"1":{"loc":{"start":{"line":36,"column":4},"end":{"line":36,"column":null}},"type":"if","locations":[{"start":{"line":36,"column":4},"end":{"line":36,"column":null}},{"start":{},"end":{}}],"line":36},"2":{"loc":{"start":{"line":84,"column":13},"end":{"line":85,"column":null}},"type":"binary-expr","locations":[{"start":{"line":84,"column":13},"end":{"line":84,"column":null}},{"start":{"line":85,"column":14},"end":{"line":85,"column":null}}],"line":84},"3":{"loc":{"start":{"line":93,"column":9},"end":{"line":93,"column":null}},"type":"cond-expr","locations":[{"start":{"line":93,"column":18},"end":{"line":93,"column":29}},{"start":{"line":93,"column":29},"end":{"line":93,"column":null}}],"line":93}},"s":{"0":30,"1":30,"2":30,"3":30,"4":30,"5":18,"6":18,"7":18,"8":30,"9":2,"10":30,"11":0,"12":0,"13":0,"14":30,"15":3,"16":4,"17":3,"18":1,"19":2,"20":2,"21":2,"22":2,"23":3,"24":2,"25":0,"26":2,"27":30,"28":0,"29":40,"30":9,"31":9,"32":0},"f":{"0":30,"1":18,"2":2,"3":0,"4":0,"5":3,"6":4,"7":0,"8":40,"9":9,"10":9,"11":0},"b":{"0":[0,0],"1":[1,2],"2":[40,20],"3":[2,28]},"meta":{"lastBranch":4,"lastFunction":12,"lastStatement":33,"seen":{"f:16:16:16:29":0,"s:17:16:17:Infinity":0,"s:18:15:18:41":1,"s:19:15:19:76":2,"s:20:17:20:45":3,"s:22:8:25:Infinity":4,"f:22:8:22:21":1,"s:23:17:23:26":5,"s:24:4:24:Infinity":6,"s:25:4:25:Infinity":7,"s:28:8:28:67":8,"f:28:8:28:23":2,"s:28:23:28:67":9,"s:30:8:31:Infinity":10,"f:30:8:30:21":3,"b:31:4:31:Infinity:undefined:undefined:undefined:undefined":0,"s:31:4:31:Infinity":11,"s:31:25:31:Infinity":12,"f:31:38:31:46":4,"s:31:55:31:67":13,"s:34:21:48:Infinity":14,"f:34:21:34:33":5,"s:35:22:35:62":15,"f:35:27:35:35":6,"s:35:41:35:62":16,"b:36:4:36:Infinity:undefined:undefined:undefined:undefined":1,"s:36:4:36:Infinity":17,"s:36:32:36:Infinity":18,"s:38:4:38:Infinity":19,"s:39:4:48:Infinity":20,"s:40:20:40:55":21,"s:41:6:42:Infinity":22,"s:42:8:42:Infinity":23,"s:44:6:44:Infinity":24,"s:46:6:46:Infinity":25,"s:48:6:48:Infinity":26,"s:52:2:95:Infinity":27,"f:60:42:60:53":7,"s:60:59:60:86":28,"f:70:14:70:19":8,"s:71:10:87:Infinity":29,"f:76:14:76:25":9,"s:76:31:76:Infinity":30,"f:82:14:82:25":10,"s:82:31:82:Infinity":31,"b:84:13:84:Infinity:85:14:85:Infinity":2,"f:85:45:85:60":11,"s:85:60:85:72":32,"b:93:18:93:29:93:29:93:Infinity":3}}}
,"/home/teruyoshi/workspace/action-tag-expense-tracker/frontend/src/pages/Home.tsx": {"path":"/home/teruyoshi/workspace/action-tag-expense-tracker/frontend/src/pages/Home.tsx","statementMap":{"0":{"start":{"line":11,"column":14},"end":{"line":11,"column":24}},"1":{"start":{"line":12,"column":15},"end":{"line":12,"column":53}},"2":{"start":{"line":13,"column":16},"end":{"line":13,"column":56}},"3":{"start":{"line":14,"column":16},"end":{"line":14,"column":39}},"4":{"start":{"line":15,"column":20},"end":{"line":15,"column":62}},"5":{"start":{"line":16,"column":18},"end":{"line":16,"column":43}},"6":{"start":{"line":17,"column":27},"end":{"line":17,"column":65}},"7":{"start":{"line":18,"column":23},"end":{"line":18,"column":54}},"8":{"start":{"line":20,"column":2},"end":{"line":23,"column":null}},"9":{"start":{"line":21,"column":4},"end":{"line":21,"column":null}},"10":{"start":{"line":21,"column":47},"end":{"line":21,"column":64}},"11":{"start":{"line":22,"column":4},"end":{"line":22,"column":null}},"12":{"start":{"line":25,"column":2},"end":{"line":27,"column":null}},"13":{"start":{"line":26,"column":4},"end":{"line":26,"column":null}},"14":{"start":{"line":26,"column":33},"end":{"line":26,"column":53}},"15":{"start":{"line":29,"column":8},"end":{"line":35,"column":null}},"16":{"start":{"line":30,"column":12},"end":{"line":30,"column":null}},"17":{"start":{"line":31,"column":12},"end":{"line":31,"column":null}},"18":{"start":{"line":32,"column":4},"end":{"line":32,"column":null}},"19":{"start":{"line":32,"column":17},"end":{"line":32,"column":25}},"20":{"start":{"line":32,"column":25},"end":{"line":32,"column":null}},"21":{"start":{"line":33,"column":4},"end":{"line":33,"column":null}},"22":{"start":{"line":33,"column":18},"end":{"line":33,"column":25}},"23":{"start":{"line":33,"column":25},"end":{"line":33,"column":null}},"24":{"start":{"line":34,"column":4},"end":{"line":34,"column":null}},"25":{"start":{"line":35,"column":4},"end":{"line":35,"column":null}},"26":{"start":{"line":38,"column":8},"end":{"line":45,"column":null}},"27":{"start":{"line":39,"column":19},"end":{"line":39,"column":45}},"28":{"start":{"line":40,"column":4},"end":{"line":40,"column":null}},"29":{"start":{"line":40,"column":23},"end":{"line":40,"column":null}},"30":{"start":{"line":41,"column":4},"end":{"line":45,"column":null}},"31":{"start":{"line":42,"column":6},"end":{"line":42,"column":null}},"32":{"start":{"line":43,"column":6},"end":{"line":43,"column":null}},"33":{"start":{"line":44,"column":6},"end":{"line":44,"column":null}},"34":{"start":{"line":48,"column":2},"end":{"line":121,"column":null}},"35":{"start":{"line":56,"column":10},"end":{"line":56,"column":null}},"36":{"start":{"line":57,"column":10},"end":{"line":57,"column":null}},"37":{"start":{"line":64,"column":31},"end":{"line":64,"column":46}},"38":{"start":{"line":66,"column":31},"end":{"line":66,"column":45}},"39":{"start":{"line":81,"column":14},"end":{"line":84,"column":null}},"40":{"start":{"line":81,"column":76},"end":{"line":81,"column":137}},"41":{"start":{"line":91,"column":55},"end":{"line":91,"column":79}},"42":{"start":{"line":94,"column":57},"end":{"line":94,"column":81}},"43":{"start":{"line":100,"column":54},"end":{"line":100,"column":80}},"44":{"start":{"line":101,"column":49},"end":{"line":101,"column":68}},"45":{"start":{"line":106,"column":31},"end":{"line":106,"column":62}},"46":{"start":{"line":114,"column":63},"end":{"line":114,"column":89}}},"fnMap":{"0":{"name":"Home","decl":{"start":{"line":10,"column":16},"end":{"line":10,"column":21}},"loc":{"start":{"line":10,"column":57},"end":{"line":121,"column":null}},"line":10},"1":{"name":"(anonymous_1)","decl":{"start":{"line":20,"column":2},"end":{"line":20,"column":18}},"loc":{"start":{"line":20,"column":18},"end":{"line":23,"column":6}},"line":20},"2":{"name":"(anonymous_2)","decl":{"start":{"line":21,"column":35},"end":{"line":21,"column":41}},"loc":{"start":{"line":21,"column":47},"end":{"line":21,"column":64}},"line":21},"3":{"name":"(anonymous_3)","decl":{"start":{"line":25,"column":2},"end":{"line":25,"column":18}},"loc":{"start":{"line":25,"column":18},"end":{"line":27,"column":7}},"line":25},"4":{"name":"(anonymous_4)","decl":{"start":{"line":26,"column":21},"end":{"line":26,"column":27}},"loc":{"start":{"line":26,"column":33},"end":{"line":26,"column":53}},"line":26},"5":{"name":"(anonymous_5)","decl":{"start":{"line":29,"column":8},"end":{"line":29,"column":23}},"loc":{"start":{"line":29,"column":41},"end":{"line":35,"column":null}},"line":29},"6":{"name":"(anonymous_6)","decl":{"start":{"line":38,"column":8},"end":{"line":38,"column":36}},"loc":{"start":{"line":38,"column":36},"end":{"line":45,"column":null}},"line":38},"7":{"name":"(anonymous_7)","decl":{"start":{"line":41,"column":30},"end":{"line":41,"column":36}},"loc":{"start":{"line":41,"column":42},"end":{"line":45,"column":null}},"line":41},"8":{"name":"(anonymous_8)","decl":{"start":{"line":55,"column":42},"end":{"line":55,"column":57}},"loc":{"start":{"line":55,"column":57},"end":{"line":57,"column":null}},"line":55},"9":{"name":"(anonymous_9)","decl":{"start":{"line":64,"column":16},"end":{"line":64,"column":31}},"loc":{"start":{"line":64,"column":31},"end":{"line":64,"column":46}},"line":64},"10":{"name":"(anonymous_10)","decl":{"start":{"line":66,"column":16},"end":{"line":66,"column":31}},"loc":{"start":{"line":66,"column":31},"end":{"line":66,"column":45}},"line":66},"11":{"name":"(anonymous_11)","decl":{"start":{"line":80,"column":23},"end":{"line":80,"column":28}},"loc":{"start":{"line":81,"column":14},"end":{"line":84,"column":null}},"line":81},"12":{"name":"(anonymous_12)","decl":{"start":{"line":81,"column":61},"end":{"line":81,"column":76}},"loc":{"start":{"line":81,"column":76},"end":{"line":81,"column":137}},"line":81},"13":{"name":"(anonymous_13)","decl":{"start":{"line":91,"column":40},"end":{"line":91,"column":55}},"loc":{"start":{"line":91,"column":55},"end":{"line":91,"column":79}},"line":91},"14":{"name":"(anonymous_14)","decl":{"start":{"line":94,"column":42},"end":{"line":94,"column":57}},"loc":{"start":{"line":94,"column":57},"end":{"line":94,"column":81}},"line":94},"15":{"name":"(anonymous_15)","decl":{"start":{"line":100,"column":39},"end":{"line":100,"column":54}},"loc":{"start":{"line":100,"column":54},"end":{"line":100,"column":80}},"line":100},"16":{"name":"(anonymous_16)","decl":{"start":{"line":101,"column":33},"end":{"line":101,"column":43}},"loc":{"start":{"line":101,"column":49},"end":{"line":101,"column":68}},"line":101},"17":{"name":"(anonymous_17)","decl":{"start":{"line":106,"column":14},"end":{"line":106,"column":25}},"loc":{"start":{"line":106,"column":31},"end":{"line":106,"column":62}},"line":106},"18":{"name":"(anonymous_18)","decl":{"start":{"line":114,"column":48},"end":{"line":114,"column":63}},"loc":{"start":{"line":114,"column":63},"end":{"line":114,"column":89}},"line":114}},"branchMap":{"0":{"loc":{"start":{"line":32,"column":4},"end":{"line":32,"column":null}},"type":"if","locations":[{"start":{"line":32,"column":4},"end":{"line":32,"column":null}},{"start":{},"end":{}}],"line":32},"1":{"loc":{"start":{"line":33,"column":4},"end":{"line":33,"column":null}},"type":"if","locations":[{"start":{"line":33,"column":4},"end":{"line":33,"column":null}},{"start":{},"end":{}}],"line":33},"2":{"loc":{"start":{"line":40,"column":4},"end":{"line":40,"column":null}},"type":"if","locations":[{"start":{"line":40,"column":4},"end":{"line":40,"column":null}},{"start":{},"end":{}}],"line":40},"3":{"loc":{"start":{"line":76,"column":9},"end":{"line":86,"column":null}},"type":"cond-expr","locations":[{"start":{"line":77,"column":10},"end":{"line":79,"column":11}},{"start":{"line":79,"column":10},"end":{"line":86,"column":null}}],"line":76},"4":{"loc":{"start":{"line":99,"column":7},"end":{"line":119,"column":null}},"type":"binary-expr","locations":[{"start":{"line":99,"column":7},"end":{"line":99,"column":null}},{"start":{"line":100,"column":8},"end":{"line":119,"column":null}}],"line":99}},"s":{"0":28,"1":28,"2":28,"3":28,"4":28,"5":28,"6":28,"7":28,"8":28,"9":10,"10":10,"11":10,"12":28,"13":9,"14":9,"15":28,"16":1,"17":1,"18":1,"19":0,"20":0,"21":1,"22":0,"23":0,"24":1,"25":1,"26":28,"27":1,"28":1,"29":0,"30":1,"31":1,"32":1,"33":1,"34":28,"35":1,"36":1,"37":1,"38":0,"39":36,"40":1,"41":1,"42":1,"43":0,"44":2,"45":6,"46":0},"f":{"0":28,"1":10,"2":10,"3":9,"4":9,"5":1,"6":1,"7":1,"8":1,"9":1,"10":0,"11":36,"12":1,"13":1,"14":1,"15":0,"16":2,"17":6,"18":0},"b":{"0":[0,1],"1":[0,1],"2":[0,1],"3":[10,18],"4":[28,7]},"meta":{"lastBranch":5,"lastFunction":19,"lastStatement":47,"seen":{"f:10:16:10:21":0,"s:11:14:11:24":0,"s:12:15:12:53":1,"s:13:16:13:56":2,"s:14:16:14:39":3,"s:15:20:15:62":4,"s:16:18:16:43":5,"s:17:27:17:65":6,"s:18:23:18:54":7,"s:20:2:23:Infinity":8,"f:20:2:20:18":1,"s:21:4:21:Infinity":9,"f:21:35:21:41":2,"s:21:47:21:64":10,"s:22:4:22:Infinity":11,"s:25:2:27:Infinity":12,"f:25:2:25:18":3,"s:26:4:26:Infinity":13,"f:26:21:26:27":4,"s:26:33:26:53":14,"s:29:8:35:Infinity":15,"f:29:8:29:23":5,"s:30:12:30:Infinity":16,"s:31:12:31:Infinity":17,"b:32:4:32:Infinity:undefined:undefined:undefined:undefined":0,"s:32:4:32:Infinity":18,"s:32:17:32:25":19,"s:32:25:32:Infinity":20,"b:33:4:33:Infinity:undefined:undefined:undefined:undefined":1,"s:33:4:33:Infinity":21,"s:33:18:33:25":22,"s:33:25:33:Infinity":23,"s:34:4:34:Infinity":24,"s:35:4:35:Infinity":25,"s:38:8:45:Infinity":26,"f:38:8:38:36":6,"s:39:19:39:45":27,"b:40:4:40:Infinity:undefined:undefined:undefined:undefined":2,"s:40:4:40:Infinity":28,"s:40:23:40:Infinity":29,"s:41:4:45:Infinity":30,"f:41:30:41:36":7,"s:42:6:42:Infinity":31,"s:43:6:43:Infinity":32,"s:44:6:44:Infinity":33,"s:48:2:121:Infinity":34,"f:55:42:55:57":8,"s:56:10:56:Infinity":35,"s:57:10:57:Infinity":36,"f:64:16:64:31":9,"s:64:31:64:46":37,"f:66:16:66:31":10,"s:66:31:66:45":38,"b:77:10:79:11:79:10:86:Infinity":3,"f:80:23:80:28":11,"s:81:14:84:Infinity":39,"f:81:61:81:76":12,"s:81:76:81:137":40,"f:91:40:91:55":13,"s:91:55:91:79":41,"f:94:42:94:57":14,"s:94:57:94:81":42,"b:99:7:99:Infinity:100:8:119:Infinity":4,"f:100:39:100:54":15,"s:100:54:100:80":43,"f:101:33:101:43":16,"s:101:49:101:68":44,"f:106:14:106:25":17,"s:106:31:106:62":45,"f:114:48:114:63":18,"s:114:63:114:89":46}}}
,"/home/teruyoshi/workspace/action-tag-expense-tracker/frontend/src/pages/TagDetails.tsx": {"path":"/home/teruyoshi/workspace/action-tag-expense-tracker/frontend/src/pages/TagDetails.tsx","statementMap":{"0":{"start":{"line":14,"column":18},"end":{"line":14,"column":64}},"1":{"start":{"line":16,"column":2},"end":{"line":18,"column":null}},"2":{"start":{"line":17,"column":4},"end":{"line":17,"column":null}},"3":{"start":{"line":20,"column":16},"end":{"line":20,"column":61}},"4":{"start":{"line":20,"column":43},"end":{"line":20,"column":59}},"5":{"start":{"line":22,"column":2},"end":{"line":58,"column":null}},"6":{"start":{"line":48,"column":16},"end":{"line":52,"column":null}}},"fnMap":{"0":{"name":"TagDetails","decl":{"start":{"line":13,"column":16},"end":{"line":13,"column":27}},"loc":{"start":{"line":13,"column":75},"end":{"line":58,"column":null}},"line":13},"1":{"name":"(anonymous_1)","decl":{"start":{"line":16,"column":2},"end":{"line":16,"column":18}},"loc":{"start":{"line":16,"column":18},"end":{"line":18,"column":6}},"line":16},"2":{"name":"(anonymous_2)","decl":{"start":{"line":20,"column":24},"end":{"line":20,"column":32}},"loc":{"start":{"line":20,"column":43},"end":{"line":20,"column":59}},"line":20},"3":{"name":"(anonymous_3)","decl":{"start":{"line":47,"column":23},"end":{"line":47,"column":28}},"loc":{"start":{"line":48,"column":16},"end":{"line":52,"column":null}},"line":48}},"branchMap":{"0":{"loc":{"start":{"line":35,"column":9},"end":{"line":54,"column":null}},"type":"cond-expr","locations":[{"start":{"line":36,"column":10},"end":{"line":38,"column":11}},{"start":{"line":38,"column":10},"end":{"line":54,"column":null}}],"line":35},"1":{"loc":{"start":{"line":50,"column":23},"end":{"line":50,"column":42}},"type":"binary-expr","locations":[{"start":{"line":50,"column":23},"end":{"line":50,"column":33}},{"start":{"line":50,"column":33},"end":{"line":50,"column":42}}],"line":50}},"s":{"0":10,"1":10,"2":6,"3":10,"4":6,"5":10,"6":6},"f":{"0":10,"1":6,"2":6,"3":6},"b":{"0":[7,3],"1":[6,3]},"meta":{"lastBranch":2,"lastFunction":4,"lastStatement":7,"seen":{"f:13:16:13:27":0,"s:14:18:14:64":0,"s:16:2:18:Infinity":1,"f:16:2:16:18":1,"s:17:4:17:Infinity":2,"s:20:16:20:61":3,"f:20:24:20:32":2,"s:20:43:20:59":4,"s:22:2:58:Infinity":5,"b:36:10:38:11:38:10:54:Infinity":0,"f:47:23:47:28":3,"s:48:16:52:Infinity":6,"b:50:23:50:33:50:33:50:42":1}}}
,"/home/teruyoshi/workspace/action-tag-expense-tracker/frontend/src/pages/TagManage.tsx": {"path":"/home/teruyoshi/workspace/action-tag-expense-tracker/frontend/src/pages/TagManage.tsx","statementMap":{"0":{"start":{"line":10,"column":15},"end":{"line":10,"column":51}},"1":{"start":{"line":11,"column":18},"end":{"line":11,"column":44}},"2":{"start":{"line":12,"column":20},"end":{"line":12,"column":65}},"3":{"start":{"line":13,"column":19},"end":{"line":13,"column":46}},"4":{"start":{"line":15,"column":8},"end":{"line":15,"column":48}},"5":{"start":{"line":15,"column":21},"end":{"line":15,"column":48}},"6":{"start":{"line":17,"column":2},"end":{"line":17,"column":null}},"7":{"start":{"line":17,"column":20},"end":{"line":17,"column":31}},"8":{"start":{"line":19,"column":23},"end":{"line":23,"column":null}},"9":{"start":{"line":20,"column":4},"end":{"line":20,"column":null}},"10":{"start":{"line":20,"column":25},"end":{"line":20,"column":null}},"11":{"start":{"line":21,"column":4},"end":{"line":21,"column":null}},"12":{"start":{"line":22,"column":4},"end":{"line":22,"column":null}},"13":{"start":{"line":23,"column":4},"end":{"line":23,"column":null}},"14":{"start":{"line":26,"column":23},"end":{"line":30,"column":null}},"15":{"start":{"line":27,"column":4},"end":{"line":27,"column":null}},"16":{"start":{"line":27,"column":26},"end":{"line":27,"column":null}},"17":{"start":{"line":28,"column":4},"end":{"line":28,"column":null}},"18":{"start":{"line":29,"column":4},"end":{"line":29,"column":null}},"19":{"start":{"line":30,"column":4},"end":{"line":30,"column":null}},"20":{"start":{"line":33,"column":23},"end":{"line":36,"column":null}},"21":{"start":{"line":34,"column":4},"end":{"line":34,"column":null}},"22":{"start":{"line":34,"column":29},"end":{"line":34,"column":null}},"23":{"start":{"line":35,"column":4},"end":{"line":35,"column":null}},"24":{"start":{"line":36,"column":4},"end":{"line":36,"column":null}},"25":{"start":{"line":39,"column":2},"end":{"line":89,"column":null}},"26":{"start":{"line":51,"column":29},"end":{"line":51,"column":55}},"27":{"start":{"line":52,"column":30},"end":{"line":52,"column":null}},"28":{"start":{"line":65,"column":14},"end":{"line":84,"column":null}},"29":{"start":{"line":71,"column":39},"end":{"line":71,"column":66}},"30":{"start":{"line":72,"column":40},"end":{"line":72,"column":null}},"31":{"start":{"line":74,"column":67},"end":{"line":74,"column":87}},"32":{"start":{"line":75,"column":69},"end":{"line":75,"column":87}},"33":{"start":{"line":80,"column":71},"end":{"line":80,"column":93}},"34":{"start":{"line":80,"column":93},"end":{"line":80,"column":119}},"35":{"start":{"line":81,"column":66},"end":{"line":81,"column":86}}},"fnMap":{"0":{"name":"TagManage","decl":{"start":{"line":9,"column":16},"end":{"line":9,"column":26}},"loc":{"start":{"line":9,"column":45},"end":{"line":89,"column":null}},"line":9},"1":{"name":"(anonymous_1)","decl":{"start":{"line":15,"column":8},"end":{"line":15,"column":21}},"loc":{"start":{"line":15,"column":21},"end":{"line":15,"column":48}},"line":15},"2":{"name":"(anonymous_2)","decl":{"start":{"line":17,"column":2},"end":{"line":17,"column":18}},"loc":{"start":{"line":17,"column":18},"end":{"line":17,"column":33}},"line":17},"3":{"name":"(anonymous_3)","decl":{"start":{"line":19,"column":23},"end":{"line":19,"column":35}},"loc":{"start":{"line":19,"column":35},"end":{"line":23,"column":null}},"line":19},"4":{"name":"(anonymous_4)","decl":{"start":{"line":26,"column":23},"end":{"line":26,"column":30}},"loc":{"start":{"line":26,"column":45},"end":{"line":30,"column":null}},"line":26},"5":{"name":"(anonymous_5)","decl":{"start":{"line":33,"column":23},"end":{"line":33,"column":30}},"loc":{"start":{"line":33,"column":45},"end":{"line":36,"column":null}},"line":33},"6":{"name":"(anonymous_6)","decl":{"start":{"line":51,"column":12},"end":{"line":51,"column":23}},"loc":{"start":{"line":51,"column":29},"end":{"line":51,"column":55}},"line":51},"7":{"name":"(anonymous_7)","decl":{"start":{"line":52,"column":12},"end":{"line":52,"column":24}},"loc":{"start":{"line":52,"column":30},"end":{"line":52,"column":null}},"line":52},"8":{"name":"(anonymous_8)","decl":{"start":{"line":64,"column":18},"end":{"line":64,"column":23}},"loc":{"start":{"line":65,"column":14},"end":{"line":84,"column":null}},"line":65},"9":{"name":"(anonymous_9)","decl":{"start":{"line":71,"column":22},"end":{"line":71,"column":33}},"loc":{"start":{"line":71,"column":39},"end":{"line":71,"column":66}},"line":71},"10":{"name":"(anonymous_10)","decl":{"start":{"line":72,"column":22},"end":{"line":72,"column":34}},"loc":{"start":{"line":72,"column":40},"end":{"line":72,"column":null}},"line":72},"11":{"name":"(anonymous_11)","decl":{"start":{"line":74,"column":52},"end":{"line":74,"column":67}},"loc":{"start":{"line":74,"column":67},"end":{"line":74,"column":87}},"line":74},"12":{"name":"(anonymous_12)","decl":{"start":{"line":75,"column":54},"end":{"line":75,"column":69}},"loc":{"start":{"line":75,"column":69},"end":{"line":75,"column":87}},"line":75},"13":{"name":"(anonymous_13)","decl":{"start":{"line":80,"column":54},"end":{"line":80,"column":69}},"loc":{"start":{"line":80,"column":69},"end":{"line":80,"column":119}},"line":80},"14":{"name":"(anonymous_14)","decl":{"start":{"line":81,"column":51},"end":{"line":81,"column":66}},"loc":{"start":{"line":81,"column":66},"end":{"line":81,"column":86}},"line":81}},"branchMap":{"0":{"loc":{"start":{"line":20,"column":4},"end":{"line":20,"column":null}},"type":"if","locations":[{"start":{"line":20,"column":4},"end":{"line":20,"column":null}},{"start":{},"end":{}}],"line":20},"1":{"loc":{"start":{"line":27,"column":4},"end":{"line":27,"column":null}},"type":"if","locations":[{"start":{"line":27,"column":4},"end":{"line":27,"column":null}},{"start":{},"end":{}}],"line":27},"2":{"loc":{"start":{"line":34,"column":4},"end":{"line":34,"column":null}},"type":"if","locations":[{"start":{"line":34,"column":4},"end":{"line":34,"column":null}},{"start":{},"end":{}}],"line":34},"3":{"loc":{"start":{"line":52,"column":30},"end":{"line":52,"column":null}},"type":"binary-expr","locations":[{"start":{"line":52,"column":30},"end":{"line":52,"column":51}},{"start":{"line":52,"column":51},"end":{"line":52,"column":null}}],"line":52},"4":{"loc":{"start":{"line":60,"column":9},"end":{"line":86,"column":null}},"type":"cond-expr","locations":[{"start":{"line":61,"column":10},"end":{"line":63,"column":11}},{"start":{"line":63,"column":10},"end":{"line":86,"column":null}}],"line":60},"5":{"loc":{"start":{"line":66,"column":17},"end":{"line":84,"column":null}},"type":"cond-expr","locations":[{"start":{"line":67,"column":18},"end":{"line":78,"column":19}},{"start":{"line":78,"column":18},"end":{"line":84,"column":null}}],"line":66},"6":{"loc":{"start":{"line":72,"column":40},"end":{"line":72,"column":null}},"type":"binary-expr","locations":[{"start":{"line":72,"column":40},"end":{"line":72,"column":61}},{"start":{"line":72,"column":61},"end":{"line":72,"column":null}}],"line":72}},"s":{"0":32,"1":32,"2":32,"3":32,"4":32,"5":12,"6":32,"7":9,"8":32,"9":2,"10":1,"11":1,"12":1,"13":1,"14":32,"15":1,"16":0,"17":1,"18":1,"19":1,"20":32,"21":2,"22":1,"23":1,"24":1,"25":32,"26":3,"27":3,"28":44,"29":5,"30":4,"31":1,"32":1,"33":2,"34":2,"35":2},"f":{"0":32,"1":12,"2":9,"3":2,"4":1,"5":2,"6":3,"7":3,"8":44,"9":5,"10":4,"11":1,"12":1,"13":2,"14":2},"b":{"0":[1,1],"1":[0,1],"2":[1,1],"3":[3,0],"4":[10,22],"5":[7,37],"6":[4,0]},"meta":{"lastBranch":7,"lastFunction":15,"lastStatement":36,"seen":{"f:9:16:9:26":0,"s:10:15:10:51":0,"s:11:18:11:44":1,"s:12:20:12:65":2,"s:13:19:13:46":3,"s:15:8:15:48":4,"f:15:8:15:21":1,"s:15:21:15:48":5,"s:17:2:17:Infinity":6,"f:17:2:17:18":2,"s:17:20:17:31":7,"s:19:23:23:Infinity":8,"f:19:23:19:35":3,"b:20:4:20:Infinity:undefined:undefined:undefined:undefined":0,"s:20:4:20:Infinity":9,"s:20:25:20:Infinity":10,"s:21:4:21:Infinity":11,"s:22:4:22:Infinity":12,"s:23:4:23:Infinity":13,"s:26:23:30:Infinity":14,"f:26:23:26:30":4,"b:27:4:27:Infinity:undefined:undefined:undefined:undefined":1,"s:27:4:27:Infinity":15,"s:27:26:27:Infinity":16,"s:28:4:28:Infinity":17,"s:29:4:29:Infinity":18,"s:30:4:30:Infinity":19,"s:33:23:36:Infinity":20,"f:33:23:33:30":5,"b:34:4:34:Infinity:undefined:undefined:undefined:undefined":2,"s:34:4:34:Infinity":21,"s:34:29:34:Infinity":22,"s:35:4:35:Infinity":23,"s:36:4:36:Infinity":24,"s:39:2:89:Infinity":25,"f:51:12:51:23":6,"s:51:29:51:55":26,"f:52:12:52:24":7,"s:52:30:52:Infinity":27,"b:52:30:52:51:52:51:52:Infinity":3,"b:61:10:63:11:63:10:86:Infinity":4,"f:64:18:64:23":8,"s:65:14:84:Infinity":28,"b:67:18:78:19:78:18:84:Infinity":5,"f:71:22:71:33":9,"s:71:39:71:66":29,"f:72:22:72:34":10,"s:72:40:72:Infinity":30,"b:72:40:72:61:72:61:72:Infinity":6,"f:74:52:74:67":11,"s:74:67:74:87":31,"f:75:54:75:69":12,"s:75:69:75:87":32,"f:80:54:80:69":13,"s:80:71:80:93":33,"s:80:93:80:119":34,"f:81:51:81:66":14,"s:81:66:81:86":35}}}
,"/home/teruyoshi/workspace/action-tag-expense-tracker/frontend/src/pages/TagSelect.tsx": {"path":"/home/teruyoshi/workspace/action-tag-expense-tracker/frontend/src/pages/TagSelect.tsx","statementMap":{"0":{"start":{"line":11,"column":15},"end":{"line":11,"column":51}},"1":{"start":{"line":13,"column":2},"end":{"line":15,"column":null}},"2":{"start":{"line":14,"column":4},"end":{"line":14,"column":null}},"3":{"start":{"line":17,"column":2},"end":{"line":32,"column":null}},"4":{"start":{"line":26,"column":12},"end":{"line":28,"column":null}},"5":{"start":{"line":26,"column":74},"end":{"line":26,"column":87}}},"fnMap":{"0":{"name":"TagSelect","decl":{"start":{"line":10,"column":16},"end":{"line":10,"column":26}},"loc":{"start":{"line":10,"column":55},"end":{"line":32,"column":null}},"line":10},"1":{"name":"(anonymous_1)","decl":{"start":{"line":13,"column":2},"end":{"line":13,"column":18}},"loc":{"start":{"line":13,"column":18},"end":{"line":15,"column":7}},"line":13},"2":{"name":"(anonymous_2)","decl":{"start":{"line":25,"column":16},"end":{"line":25,"column":21}},"loc":{"start":{"line":26,"column":12},"end":{"line":28,"column":null}},"line":26},"3":{"name":"(anonymous_3)","decl":{"start":{"line":26,"column":59},"end":{"line":26,"column":74}},"loc":{"start":{"line":26,"column":74},"end":{"line":26,"column":87}},"line":26}},"branchMap":{"0":{"loc":{"start":{"line":21,"column":7},"end":{"line":30,"column":null}},"type":"cond-expr","locations":[{"start":{"line":22,"column":8},"end":{"line":24,"column":9}},{"start":{"line":24,"column":8},"end":{"line":30,"column":null}}],"line":21}},"s":{"0":8,"1":8,"2":4,"3":8,"4":6,"5":1},"f":{"0":8,"1":4,"2":6,"3":1},"b":{"0":[5,3]},"meta":{"lastBranch":1,"lastFunction":4,"lastStatement":6,"seen":{"f:10:16:10:26":0,"s:11:15:11:51":0,"s:13:2:15:Infinity":1,"f:13:2:13:18":1,"s:14:4:14:Infinity":2,"s:17:2:32:Infinity":3,"b:22:8:24:9:24:8:30:Infinity":0,"f:25:16:25:21":2,"s:26:12:28:Infinity":4,"f:26:59:26:74":3,"s:26:74:26:87":5}}}
}
